<?xml version="1.0" encoding="UTF-8"?>
<coverage generated="1618576902211" clover="3.2.0">
  <project timestamp="1618576902211" name="All files">
    <metrics statements="114" coveredstatements="109" conditionals="23" coveredconditionals="16" methods="30" coveredmethods="26" elements="167" coveredelements="151" complexity="0" loc="114" ncloc="114" packages="22" files="32" classes="32"/>
    <package name="assets.constants">
      <metrics statements="0" coveredstatements="0" conditionals="0" coveredconditionals="0" methods="0" coveredmethods="0"/>
      <file name="AssessmentStrings.js" path="/Users/chroma/Projects/rn/studentqna/src/assets/constants/AssessmentStrings.js">
        <metrics statements="0" coveredstatements="0" conditionals="0" coveredconditionals="0" methods="0" coveredmethods="0"/>
      </file>
      <file name="HomeStrings.js" path="/Users/chroma/Projects/rn/studentqna/src/assets/constants/HomeStrings.js">
        <metrics statements="0" coveredstatements="0" conditionals="0" coveredconditionals="0" methods="0" coveredmethods="0"/>
      </file>
      <file name="ReduxActions.js" path="/Users/chroma/Projects/rn/studentqna/src/assets/constants/ReduxActions.js">
        <metrics statements="0" coveredstatements="0" conditionals="0" coveredconditionals="0" methods="0" coveredmethods="0"/>
      </file>
      <file name="StorageKeys.js" path="/Users/chroma/Projects/rn/studentqna/src/assets/constants/StorageKeys.js">
        <metrics statements="0" coveredstatements="0" conditionals="0" coveredconditionals="0" methods="0" coveredmethods="0"/>
      </file>
      <file name="System.js" path="/Users/chroma/Projects/rn/studentqna/src/assets/constants/System.js">
        <metrics statements="0" coveredstatements="0" conditionals="0" coveredconditionals="0" methods="0" coveredmethods="0"/>
      </file>
      <file name="index.js" path="/Users/chroma/Projects/rn/studentqna/src/assets/constants/index.js">
        <metrics statements="0" coveredstatements="0" conditionals="0" coveredconditionals="0" methods="0" coveredmethods="0"/>
      </file>
    </package>
    <package name="assets.styles">
      <metrics statements="11" coveredstatements="10" conditionals="3" coveredconditionals="1" methods="1" coveredmethods="1"/>
      <file name="colors.js" path="/Users/chroma/Projects/rn/studentqna/src/assets/styles/colors.js">
        <metrics statements="3" coveredstatements="3" conditionals="0" coveredconditionals="0" methods="0" coveredmethods="0"/>
        <line num="9" count="16" type="stmt"/>
        <line num="10" count="16" type="stmt"/>
        <line num="11" count="16" type="stmt"/>
      </file>
      <file name="helpers.js" path="/Users/chroma/Projects/rn/studentqna/src/assets/styles/helpers.js">
        <metrics statements="7" coveredstatements="6" conditionals="3" coveredconditionals="1" methods="1" coveredmethods="1"/>
        <line num="11" count="16" type="stmt"/>
        <line num="16" count="16" type="stmt"/>
        <line num="24" count="16" type="cond" truecount="0" falsecount="1"/>
        <line num="25" count="91" type="stmt"/>
        <line num="26" count="91" type="cond" truecount="1" falsecount="1"/>
        <line num="27" count="91" type="stmt"/>
        <line num="29" count="0" type="stmt"/>
      </file>
      <file name="index.js" path="/Users/chroma/Projects/rn/studentqna/src/assets/styles/index.js">
        <metrics statements="1" coveredstatements="1" conditionals="0" coveredconditionals="0" methods="0" coveredmethods="0"/>
        <line num="4" count="16" type="stmt"/>
      </file>
    </package>
    <package name="components.atoms">
      <metrics statements="0" coveredstatements="0" conditionals="0" coveredconditionals="0" methods="0" coveredmethods="0"/>
      <file name="index.js" path="/Users/chroma/Projects/rn/studentqna/src/components/atoms/index.js">
        <metrics statements="0" coveredstatements="0" conditionals="0" coveredconditionals="0" methods="0" coveredmethods="0"/>
      </file>
    </package>
    <package name="components.atoms.Button">
      <metrics statements="10" coveredstatements="9" conditionals="3" coveredconditionals="1" methods="4" coveredmethods="3"/>
      <file name="index.js" path="/Users/chroma/Projects/rn/studentqna/src/components/atoms/Button/index.js">
        <metrics statements="7" coveredstatements="6" conditionals="2" coveredconditionals="1" methods="3" coveredmethods="2"/>
        <line num="14" count="16" type="stmt"/>
        <line num="15" count="23" type="stmt"/>
        <line num="16" count="23" type="stmt"/>
        <line num="18" count="23" type="stmt"/>
        <line num="30" count="16" type="stmt"/>
        <line num="36" count="16" type="stmt"/>
        <line num="39" count="0" type="stmt"/>
      </file>
      <file name="selectStyles.js" path="/Users/chroma/Projects/rn/studentqna/src/components/atoms/Button/selectStyles.js">
        <metrics statements="3" coveredstatements="3" conditionals="1" coveredconditionals="0" methods="1" coveredmethods="1"/>
        <line num="12" count="16" type="stmt"/>
        <line num="29" count="16" type="stmt"/>
        <line num="58" count="23" type="cond" truecount="0" falsecount="1"/>
      </file>
    </package>
    <package name="components.atoms.Card">
      <metrics statements="3" coveredstatements="3" conditionals="0" coveredconditionals="0" methods="1" coveredmethods="1"/>
      <file name="index.js" path="/Users/chroma/Projects/rn/studentqna/src/components/atoms/Card/index.js">
        <metrics statements="2" coveredstatements="2" conditionals="0" coveredconditionals="0" methods="1" coveredmethods="1"/>
        <line num="14" count="16" type="stmt"/>
        <line num="15" count="92" type="stmt"/>
      </file>
      <file name="styles.js" path="/Users/chroma/Projects/rn/studentqna/src/components/atoms/Card/styles.js">
        <metrics statements="1" coveredstatements="1" conditionals="0" coveredconditionals="0" methods="0" coveredmethods="0"/>
        <line num="12" count="16" type="stmt"/>
      </file>
    </package>
    <package name="components.atoms.Description">
      <metrics statements="3" coveredstatements="3" conditionals="0" coveredconditionals="0" methods="1" coveredmethods="1"/>
      <file name="index.js" path="/Users/chroma/Projects/rn/studentqna/src/components/atoms/Description/index.js">
        <metrics statements="3" coveredstatements="3" conditionals="0" coveredconditionals="0" methods="1" coveredmethods="1"/>
        <line num="14" count="16" type="stmt"/>
        <line num="15" count="94" type="stmt"/>
        <line num="20" count="16" type="stmt"/>
      </file>
    </package>
    <package name="components.atoms.DifficultyIndicator">
      <metrics statements="12" coveredstatements="12" conditionals="2" coveredconditionals="2" methods="2" coveredmethods="2"/>
      <file name="index.js" path="/Users/chroma/Projects/rn/studentqna/src/components/atoms/DifficultyIndicator/index.js">
        <metrics statements="12" coveredstatements="12" conditionals="2" coveredconditionals="2" methods="2" coveredmethods="2"/>
        <line num="16" count="16" type="stmt"/>
        <line num="22" count="16" type="stmt"/>
        <line num="23" count="15" type="stmt"/>
        <line num="24" count="15" type="stmt"/>
        <line num="25" count="45" type="stmt"/>
        <line num="34" count="15" type="stmt"/>
        <line num="37" count="16" type="stmt"/>
        <line num="38" count="15" type="stmt"/>
        <line num="39" count="15" type="stmt"/>
        <line num="47" count="16" type="stmt"/>
        <line num="52" count="16" type="stmt"/>
        <line num="59" count="16" type="stmt"/>
      </file>
    </package>
    <package name="components.atoms.Icon">
      <metrics statements="4" coveredstatements="4" conditionals="0" coveredconditionals="0" methods="1" coveredmethods="1"/>
      <file name="index.js" path="/Users/chroma/Projects/rn/studentqna/src/components/atoms/Icon/index.js">
        <metrics statements="4" coveredstatements="4" conditionals="0" coveredconditionals="0" methods="1" coveredmethods="1"/>
        <line num="14" count="16" type="stmt"/>
        <line num="15" count="57" type="stmt"/>
        <line num="18" count="16" type="stmt"/>
        <line num="24" count="16" type="stmt"/>
      </file>
    </package>
    <package name="components.atoms.IfElse">
      <metrics statements="6" coveredstatements="6" conditionals="2" coveredconditionals="2" methods="1" coveredmethods="1"/>
      <file name="index.js" path="/Users/chroma/Projects/rn/studentqna/src/components/atoms/IfElse/index.js">
        <metrics statements="6" coveredstatements="6" conditionals="2" coveredconditionals="2" methods="1" coveredmethods="1"/>
        <line num="13" count="16" type="stmt"/>
        <line num="14" count="11" type="cond" truecount="2" falsecount="0"/>
        <line num="15" count="3" type="stmt"/>
        <line num="17" count="8" type="stmt"/>
        <line num="20" count="16" type="stmt"/>
        <line num="26" count="16" type="stmt"/>
      </file>
    </package>
    <package name="components.atoms.Spinner">
      <metrics statements="3" coveredstatements="3" conditionals="0" coveredconditionals="0" methods="1" coveredmethods="1"/>
      <file name="index.js" path="/Users/chroma/Projects/rn/studentqna/src/components/atoms/Spinner/index.js">
        <metrics statements="3" coveredstatements="3" conditionals="0" coveredconditionals="0" methods="1" coveredmethods="1"/>
        <line num="14" count="16" type="stmt"/>
        <line num="15" count="1" type="stmt"/>
        <line num="24" count="16" type="stmt"/>
      </file>
    </package>
    <package name="components.atoms.Title">
      <metrics statements="6" coveredstatements="6" conditionals="0" coveredconditionals="0" methods="1" coveredmethods="1"/>
      <file name="index.js" path="/Users/chroma/Projects/rn/studentqna/src/components/atoms/Title/index.js">
        <metrics statements="6" coveredstatements="6" conditionals="0" coveredconditionals="0" methods="1" coveredmethods="1"/>
        <line num="15" count="16" type="stmt"/>
        <line num="21" count="16" type="stmt"/>
        <line num="22" count="32" type="stmt"/>
        <line num="29" count="16" type="stmt"/>
        <line num="33" count="16" type="stmt"/>
        <line num="39" count="16" type="stmt"/>
      </file>
    </package>
    <package name="components.molecules">
      <metrics statements="0" coveredstatements="0" conditionals="0" coveredconditionals="0" methods="0" coveredmethods="0"/>
      <file name="index.js" path="/Users/chroma/Projects/rn/studentqna/src/components/molecules/index.js">
        <metrics statements="0" coveredstatements="0" conditionals="0" coveredconditionals="0" methods="0" coveredmethods="0"/>
      </file>
    </package>
    <package name="components.molecules.QuestionDetails">
      <metrics statements="5" coveredstatements="5" conditionals="0" coveredconditionals="0" methods="1" coveredmethods="1"/>
      <file name="index.js" path="/Users/chroma/Projects/rn/studentqna/src/components/molecules/QuestionDetails/index.js">
        <metrics statements="5" coveredstatements="5" conditionals="0" coveredconditionals="0" methods="1" coveredmethods="1"/>
        <line num="15" count="8" type="stmt"/>
        <line num="16" count="12" type="stmt"/>
        <line num="29" count="8" type="stmt"/>
        <line num="35" count="8" type="stmt"/>
        <line num="43" count="8" type="stmt"/>
      </file>
    </package>
    <package name="components.molecules.QuestionResult">
      <metrics statements="9" coveredstatements="9" conditionals="9" coveredconditionals="8" methods="2" coveredmethods="2"/>
      <file name="index.js" path="/Users/chroma/Projects/rn/studentqna/src/components/molecules/QuestionResult/index.js">
        <metrics statements="6" coveredstatements="6" conditionals="8" coveredconditionals="8" methods="1" coveredmethods="1"/>
        <line num="20" count="8" type="stmt"/>
        <line num="21" count="11" type="cond" truecount="2" falsecount="0"/>
        <line num="22" count="11" type="stmt"/>
        <line num="28" count="11" type="stmt"/>
        <line num="38" count="8" type="stmt"/>
        <line num="44" count="8" type="stmt"/>
      </file>
      <file name="selectStyles.js" path="/Users/chroma/Projects/rn/studentqna/src/components/molecules/QuestionResult/selectStyles.js">
        <metrics statements="3" coveredstatements="3" conditionals="1" coveredconditionals="0" methods="1" coveredmethods="1"/>
        <line num="12" count="8" type="stmt"/>
        <line num="25" count="8" type="stmt"/>
        <line num="42" count="11" type="cond" truecount="0" falsecount="1"/>
      </file>
    </package>
    <package name="components.molecules.RadioCard">
      <metrics statements="6" coveredstatements="5" conditionals="2" coveredconditionals="2" methods="2" coveredmethods="1"/>
      <file name="index.js" path="/Users/chroma/Projects/rn/studentqna/src/components/molecules/RadioCard/index.js">
        <metrics statements="6" coveredstatements="5" conditionals="2" coveredconditionals="2" methods="2" coveredmethods="1"/>
        <line num="19" count="8" type="stmt"/>
        <line num="20" count="79" type="stmt"/>
        <line num="29" count="8" type="stmt"/>
        <line num="35" count="8" type="stmt"/>
        <line num="38" count="0" type="stmt"/>
        <line num="43" count="8" type="stmt"/>
      </file>
    </package>
    <package name="components.organisms">
      <metrics statements="0" coveredstatements="0" conditionals="0" coveredconditionals="0" methods="0" coveredmethods="0"/>
      <file name="index.js" path="/Users/chroma/Projects/rn/studentqna/src/components/organisms/index.js">
        <metrics statements="0" coveredstatements="0" conditionals="0" coveredconditionals="0" methods="0" coveredmethods="0"/>
      </file>
    </package>
    <package name="components.organisms.AnswersList">
      <metrics statements="10" coveredstatements="9" conditionals="0" coveredconditionals="0" methods="4" coveredmethods="3"/>
      <file name="index.js" path="/Users/chroma/Projects/rn/studentqna/src/components/organisms/AnswersList/index.js">
        <metrics statements="10" coveredstatements="9" conditionals="0" coveredconditionals="0" methods="4" coveredmethods="3"/>
        <line num="15" count="5" type="stmt"/>
        <line num="16" count="19" type="stmt"/>
        <line num="17" count="19" type="stmt"/>
        <line num="20" count="76" type="stmt"/>
        <line num="24" count="8" type="stmt"/>
        <line num="25" count="8" type="stmt"/>
        <line num="35" count="5" type="stmt"/>
        <line num="40" count="5" type="stmt"/>
        <line num="41" count="0" type="stmt"/>
        <line num="46" count="5" type="stmt"/>
      </file>
    </package>
    <package name="components.organisms.CategoryList">
      <metrics statements="8" coveredstatements="7" conditionals="0" coveredconditionals="0" methods="4" coveredmethods="3"/>
      <file name="index.js" path="/Users/chroma/Projects/rn/studentqna/src/components/organisms/CategoryList/index.js">
        <metrics statements="8" coveredstatements="7" conditionals="0" coveredconditionals="0" methods="4" coveredmethods="3"/>
        <line num="15" count="5" type="stmt"/>
        <line num="16" count="4" type="stmt"/>
        <line num="19" count="16" type="stmt"/>
        <line num="22" count="8" type="stmt"/>
        <line num="30" count="5" type="stmt"/>
        <line num="35" count="5" type="stmt"/>
        <line num="36" count="0" type="stmt"/>
        <line num="41" count="5" type="stmt"/>
      </file>
    </package>
    <package name="components.templates">
      <metrics statements="0" coveredstatements="0" conditionals="0" coveredconditionals="0" methods="0" coveredmethods="0"/>
      <file name="index.js" path="/Users/chroma/Projects/rn/studentqna/src/components/templates/index.js">
        <metrics statements="0" coveredstatements="0" conditionals="0" coveredconditionals="0" methods="0" coveredmethods="0"/>
      </file>
    </package>
    <package name="components.templates.AssessmentResultTemplate">
      <metrics statements="10" coveredstatements="10" conditionals="2" coveredconditionals="0" methods="2" coveredmethods="2"/>
      <file name="index.js" path="/Users/chroma/Projects/rn/studentqna/src/components/templates/AssessmentResultTemplate/index.js">
        <metrics statements="10" coveredstatements="10" conditionals="2" coveredconditionals="0" methods="2" coveredmethods="2"/>
        <line num="19" count="3" type="cond" truecount="0" falsecount="2"/>
        <line num="20" count="8" type="stmt"/>
        <line num="21" count="8" type="stmt"/>
        <line num="22" count="16" type="stmt"/>
        <line num="24" count="8" type="stmt"/>
        <line num="27" count="3" type="stmt"/>
        <line num="28" count="2" type="stmt"/>
        <line num="29" count="2" type="stmt"/>
        <line num="60" count="3" type="stmt"/>
        <line num="68" count="3" type="stmt"/>
      </file>
    </package>
    <package name="components.templates.AssessmentTemplate">
      <metrics statements="4" coveredstatements="4" conditionals="0" coveredconditionals="0" methods="1" coveredmethods="1"/>
      <file name="index.js" path="/Users/chroma/Projects/rn/studentqna/src/components/templates/AssessmentTemplate/index.js">
        <metrics statements="4" coveredstatements="4" conditionals="0" coveredconditionals="0" methods="1" coveredmethods="1"/>
        <line num="18" count="3" type="stmt"/>
        <line num="33" count="9" type="stmt"/>
        <line num="70" count="3" type="stmt"/>
        <line num="88" count="3" type="stmt"/>
      </file>
    </package>
    <package name="components.templates.HomeTemplate">
      <metrics statements="4" coveredstatements="4" conditionals="0" coveredconditionals="0" methods="1" coveredmethods="1"/>
      <file name="index.js" path="/Users/chroma/Projects/rn/studentqna/src/components/templates/HomeTemplate/index.js">
        <metrics statements="4" coveredstatements="4" conditionals="0" coveredconditionals="0" methods="1" coveredmethods="1"/>
        <line num="17" count="3" type="stmt"/>
        <line num="18" count="2" type="stmt"/>
        <line num="28" count="3" type="stmt"/>
        <line num="36" count="3" type="stmt"/>
      </file>
    </package>
  </project>
</coverage>
