{"/Users/chroma/Projects/rn/studentqna/src/assets/constants/AssessmentStrings.js": {"path":"/Users/chroma/Projects/rn/studentqna/src/assets/constants/AssessmentStrings.js","statementMap":{},"fnMap":{},"branchMap":{},"s":{},"f":{},"b":{},"_coverageSchema":"1a1c01bbd47fc00a2c39e90264f33305004495a9","hash":"3e99988f141cef649eb2d534d4655759d75ba3cf"}
,"/Users/chroma/Projects/rn/studentqna/src/assets/constants/HomeStrings.js": {"path":"/Users/chroma/Projects/rn/studentqna/src/assets/constants/HomeStrings.js","statementMap":{},"fnMap":{},"branchMap":{},"s":{},"f":{},"b":{},"_coverageSchema":"1a1c01bbd47fc00a2c39e90264f33305004495a9","hash":"b4c2a0f8e21c01be8685ed97944837752355e8a3"}
,"/Users/chroma/Projects/rn/studentqna/src/assets/constants/ReduxActions.js": {"path":"/Users/chroma/Projects/rn/studentqna/src/assets/constants/ReduxActions.js","statementMap":{},"fnMap":{},"branchMap":{},"s":{},"f":{},"b":{},"_coverageSchema":"1a1c01bbd47fc00a2c39e90264f33305004495a9","hash":"1a7d128b6f6ac7f7996a3dd212feb593acf41442"}
,"/Users/chroma/Projects/rn/studentqna/src/assets/constants/StorageKeys.js": {"path":"/Users/chroma/Projects/rn/studentqna/src/assets/constants/StorageKeys.js","statementMap":{},"fnMap":{},"branchMap":{},"s":{},"f":{},"b":{},"_coverageSchema":"1a1c01bbd47fc00a2c39e90264f33305004495a9","hash":"58c83f934a541e33e49923847673a228ec138d9d"}
,"/Users/chroma/Projects/rn/studentqna/src/assets/constants/System.js": {"path":"/Users/chroma/Projects/rn/studentqna/src/assets/constants/System.js","statementMap":{},"fnMap":{},"branchMap":{},"s":{},"f":{},"b":{},"_coverageSchema":"1a1c01bbd47fc00a2c39e90264f33305004495a9","hash":"135cd3aec98c6fedd62f67aa3ff0b937e692fe76"}
,"/Users/chroma/Projects/rn/studentqna/src/assets/constants/index.js": {"path":"/Users/chroma/Projects/rn/studentqna/src/assets/constants/index.js","statementMap":{},"fnMap":{},"branchMap":{},"s":{},"f":{},"b":{},"_coverageSchema":"1a1c01bbd47fc00a2c39e90264f33305004495a9","hash":"b4f1350fafd86207e9b02b24959e5a47bf6b6ca4"}
,"/Users/chroma/Projects/rn/studentqna/src/assets/styles/colors.js": {"path":"/Users/chroma/Projects/rn/studentqna/src/assets/styles/colors.js","statementMap":{"0":{"start":{"line":9,"column":16},"end":{"line":9,"column":25}},"1":{"start":{"line":10,"column":18},"end":{"line":10,"column":27}},"2":{"start":{"line":11,"column":17},"end":{"line":11,"column":26}}},"fnMap":{},"branchMap":{},"s":{"0":17,"1":17,"2":17},"f":{},"b":{},"_coverageSchema":"1a1c01bbd47fc00a2c39e90264f33305004495a9","hash":"d22249fec74104c1e70abc7332696cf492cbf1cc"}
,"/Users/chroma/Projects/rn/studentqna/src/assets/styles/helpers.js": {"path":"/Users/chroma/Projects/rn/studentqna/src/assets/styles/helpers.js","statementMap":{"0":{"start":{"line":11,"column":58},"end":{"line":13,"column":1}},"1":{"start":{"line":16,"column":14},"end":{"line":16,"column":32}},"2":{"start":{"line":24,"column":18},"end":{"line":31,"column":1}},"3":{"start":{"line":25,"column":18},"end":{"line":25,"column":30}},"4":{"start":{"line":26,"column":2},"end":{"line":30,"column":3}},"5":{"start":{"line":27,"column":4},"end":{"line":27,"column":63}},"6":{"start":{"line":29,"column":4},"end":{"line":29,"column":67}}},"fnMap":{"0":{"name":"(anonymous_0)","decl":{"start":{"line":24,"column":18},"end":{"line":24,"column":19}},"loc":{"start":{"line":24,"column":33},"end":{"line":31,"column":1}},"line":24}},"branchMap":{"0":{"loc":{"start":{"line":24,"column":19},"end":{"line":24,"column":28}},"type":"default-arg","locations":[{"start":{"line":24,"column":26},"end":{"line":24,"column":28}}],"line":24},"1":{"loc":{"start":{"line":26,"column":2},"end":{"line":30,"column":3}},"type":"if","locations":[{"start":{"line":26,"column":2},"end":{"line":30,"column":3}},{"start":{"line":26,"column":2},"end":{"line":30,"column":3}}],"line":26}},"s":{"0":17,"1":17,"2":17,"3":96,"4":96,"5":96,"6":0},"f":{"0":96},"b":{"0":[0],"1":[96,0]},"_coverageSchema":"1a1c01bbd47fc00a2c39e90264f33305004495a9","hash":"a2831b365921d446a736eeb7c86b8d96cecbdcfc"}
,"/Users/chroma/Projects/rn/studentqna/src/assets/styles/index.js": {"path":"/Users/chroma/Projects/rn/studentqna/src/assets/styles/index.js","statementMap":{"0":{"start":{"line":4,"column":28},"end":{"line":15,"column":1}}},"fnMap":{},"branchMap":{},"s":{"0":17},"f":{},"b":{},"_coverageSchema":"1a1c01bbd47fc00a2c39e90264f33305004495a9","hash":"20151248b7dfe1e92ef0b7e35ae9075834409806"}
,"/Users/chroma/Projects/rn/studentqna/src/components/atoms/index.js": {"path":"/Users/chroma/Projects/rn/studentqna/src/components/atoms/index.js","statementMap":{},"fnMap":{},"branchMap":{},"s":{},"f":{},"b":{},"_coverageSchema":"1a1c01bbd47fc00a2c39e90264f33305004495a9","hash":"1d8666b9d2d94a83ca9f7020d9d7424e41220f76"}
,"/Users/chroma/Projects/rn/studentqna/src/components/atoms/Button/index.js": {"path":"/Users/chroma/Projects/rn/studentqna/src/components/atoms/Button/index.js","statementMap":{"0":{"start":{"line":14,"column":15},"end":{"line":28,"column":1}},"1":{"start":{"line":15,"column":17},"end":{"line":15,"column":35}},"2":{"start":{"line":16,"column":2},"end":{"line":27,"column":4}},"3":{"start":{"line":18,"column":28},"end":{"line":22,"column":7}},"4":{"start":{"line":30,"column":0},"end":{"line":34,"column":2}},"5":{"start":{"line":36,"column":0},"end":{"line":40,"column":2}},"6":{"start":{"line":39,"column":17},"end":{"line":39,"column":46}}},"fnMap":{"0":{"name":"(anonymous_0)","decl":{"start":{"line":14,"column":15},"end":{"line":14,"column":16}},"loc":{"start":{"line":14,"column":59},"end":{"line":28,"column":1}},"line":14},"1":{"name":"(anonymous_1)","decl":{"start":{"line":18,"column":13},"end":{"line":18,"column":14}},"loc":{"start":{"line":18,"column":28},"end":{"line":22,"column":7}},"line":18},"2":{"name":"(anonymous_2)","decl":{"start":{"line":39,"column":11},"end":{"line":39,"column":12}},"loc":{"start":{"line":39,"column":17},"end":{"line":39,"column":46}},"line":39}},"branchMap":{"0":{"loc":{"start":{"line":21,"column":8},"end":{"line":21,"column":33}},"type":"binary-expr","locations":[{"start":{"line":21,"column":8},"end":{"line":21,"column":15}},{"start":{"line":21,"column":19},"end":{"line":21,"column":33}}],"line":21}},"s":{"0":17,"1":29,"2":29,"3":29,"4":17,"5":17,"6":0},"f":{"0":29,"1":29,"2":0},"b":{"0":[29,0]},"_coverageSchema":"1a1c01bbd47fc00a2c39e90264f33305004495a9","hash":"5f86aec0087bcf58cbd0a1239daa11c5e69a3c50"}
,"/Users/chroma/Projects/rn/studentqna/src/components/atoms/Button/selectStyles.js": {"path":"/Users/chroma/Projects/rn/studentqna/src/components/atoms/Button/selectStyles.js","statementMap":{"0":{"start":{"line":12,"column":21},"end":{"line":27,"column":1}},"1":{"start":{"line":29,"column":15},"end":{"line":56,"column":1}},"2":{"start":{"line":58,"column":37},"end":{"line":58,"column":68}}},"fnMap":{"0":{"name":"(anonymous_0)","decl":{"start":{"line":58,"column":15},"end":{"line":58,"column":16}},"loc":{"start":{"line":58,"column":37},"end":{"line":58,"column":68}},"line":58}},"branchMap":{"0":{"loc":{"start":{"line":58,"column":16},"end":{"line":58,"column":32}},"type":"default-arg","locations":[{"start":{"line":58,"column":23},"end":{"line":58,"column":32}}],"line":58}},"s":{"0":17,"1":17,"2":29},"f":{"0":29},"b":{"0":[0]},"_coverageSchema":"1a1c01bbd47fc00a2c39e90264f33305004495a9","hash":"c8f6b8d1897044ff9fbcdc39a2457b5dabc32f09"}
,"/Users/chroma/Projects/rn/studentqna/src/components/atoms/Card/index.js": {"path":"/Users/chroma/Projects/rn/studentqna/src/components/atoms/Card/index.js","statementMap":{"0":{"start":{"line":14,"column":13},"end":{"line":16,"column":1}},"1":{"start":{"line":15,"column":2},"end":{"line":15,"column":67}}},"fnMap":{"0":{"name":"(anonymous_0)","decl":{"start":{"line":14,"column":13},"end":{"line":14,"column":14}},"loc":{"start":{"line":14,"column":36},"end":{"line":16,"column":1}},"line":14}},"branchMap":{},"s":{"0":17,"1":92},"f":{"0":92},"b":{},"_coverageSchema":"1a1c01bbd47fc00a2c39e90264f33305004495a9","hash":"6b5e10ccef6e8827d273ace3feeb261d3a878dd4"}
,"/Users/chroma/Projects/rn/studentqna/src/components/atoms/Card/styles.js": {"path":"/Users/chroma/Projects/rn/studentqna/src/components/atoms/Card/styles.js","statementMap":{"0":{"start":{"line":12,"column":15},"end":{"line":23,"column":2}}},"fnMap":{},"branchMap":{},"s":{"0":17},"f":{},"b":{},"_coverageSchema":"1a1c01bbd47fc00a2c39e90264f33305004495a9","hash":"5c4457d1a3b65eb758c8d55dca2ae042c33938c8"}
,"/Users/chroma/Projects/rn/studentqna/src/components/atoms/Description/index.js": {"path":"/Users/chroma/Projects/rn/studentqna/src/components/atoms/Description/index.js","statementMap":{"0":{"start":{"line":14,"column":20},"end":{"line":16,"column":1}},"1":{"start":{"line":15,"column":2},"end":{"line":15,"column":53}},"2":{"start":{"line":20,"column":15},"end":{"line":25,"column":2}}},"fnMap":{"0":{"name":"(anonymous_0)","decl":{"start":{"line":14,"column":20},"end":{"line":14,"column":21}},"loc":{"start":{"line":14,"column":36},"end":{"line":16,"column":1}},"line":14}},"branchMap":{},"s":{"0":17,"1":94,"2":17},"f":{"0":94},"b":{},"_coverageSchema":"1a1c01bbd47fc00a2c39e90264f33305004495a9","hash":"8cddab5a88caa2d3fe385e46b31e4f80b69cdd86"}
,"/Users/chroma/Projects/rn/studentqna/src/components/atoms/DifficultyIndicator/index.js": {"path":"/Users/chroma/Projects/rn/studentqna/src/components/atoms/DifficultyIndicator/index.js","statementMap":{"0":{"start":{"line":16,"column":26},"end":{"line":20,"column":1}},"1":{"start":{"line":22,"column":23},"end":{"line":35,"column":1}},"2":{"start":{"line":23,"column":18},"end":{"line":23,"column":20}},"3":{"start":{"line":24,"column":2},"end":{"line":32,"column":3}},"4":{"start":{"line":24,"column":15},"end":{"line":24,"column":16}},"5":{"start":{"line":25,"column":4},"end":{"line":31,"column":6}},"6":{"start":{"line":34,"column":2},"end":{"line":34,"column":19}},"7":{"start":{"line":37,"column":28},"end":{"line":45,"column":1}},"8":{"start":{"line":38,"column":20},"end":{"line":38,"column":75}},"9":{"start":{"line":39,"column":2},"end":{"line":44,"column":4}},"10":{"start":{"line":47,"column":0},"end":{"line":50,"column":2}},"11":{"start":{"line":52,"column":0},"end":{"line":55,"column":2}},"12":{"start":{"line":59,"column":15},"end":{"line":77,"column":2}}},"fnMap":{"0":{"name":"(anonymous_0)","decl":{"start":{"line":22,"column":23},"end":{"line":22,"column":24}},"loc":{"start":{"line":22,"column":67},"end":{"line":35,"column":1}},"line":22},"1":{"name":"(anonymous_1)","decl":{"start":{"line":37,"column":28},"end":{"line":37,"column":29}},"loc":{"start":{"line":37,"column":75},"end":{"line":45,"column":1}},"line":37}},"branchMap":{"0":{"loc":{"start":{"line":29,"column":15},"end":{"line":29,"column":76}},"type":"cond-expr","locations":[{"start":{"line":29,"column":46},"end":{"line":29,"column":58}},{"start":{"line":29,"column":61},"end":{"line":29,"column":76}}],"line":29}},"s":{"0":17,"1":17,"2":15,"3":15,"4":15,"5":45,"6":15,"7":17,"8":15,"9":15,"10":17,"11":17,"12":17},"f":{"0":15,"1":15},"b":{"0":[24,21]},"_coverageSchema":"1a1c01bbd47fc00a2c39e90264f33305004495a9","hash":"b4d11efacbe628ed9a7f8dd8974f4328db5fe1ac"}
,"/Users/chroma/Projects/rn/studentqna/src/components/atoms/Icon/index.js": {"path":"/Users/chroma/Projects/rn/studentqna/src/components/atoms/Icon/index.js","statementMap":{"0":{"start":{"line":14,"column":19},"end":{"line":16,"column":1}},"1":{"start":{"line":15,"column":2},"end":{"line":15,"column":66}},"2":{"start":{"line":18,"column":0},"end":{"line":22,"column":2}},"3":{"start":{"line":24,"column":0},"end":{"line":26,"column":2}}},"fnMap":{"0":{"name":"(anonymous_0)","decl":{"start":{"line":14,"column":19},"end":{"line":14,"column":20}},"loc":{"start":{"line":14,"column":53},"end":{"line":16,"column":1}},"line":14}},"branchMap":{},"s":{"0":17,"1":57,"2":17,"3":17},"f":{"0":57},"b":{},"_coverageSchema":"1a1c01bbd47fc00a2c39e90264f33305004495a9","hash":"a9ca1a2e0959f98e9c1f60e37d795926bc85dafe"}
,"/Users/chroma/Projects/rn/studentqna/src/components/atoms/IfElse/index.js": {"path":"/Users/chroma/Projects/rn/studentqna/src/components/atoms/IfElse/index.js","statementMap":{"0":{"start":{"line":13,"column":15},"end":{"line":18,"column":1}},"1":{"start":{"line":14,"column":2},"end":{"line":16,"column":3}},"2":{"start":{"line":15,"column":4},"end":{"line":15,"column":25}},"3":{"start":{"line":17,"column":2},"end":{"line":17,"column":24}},"4":{"start":{"line":20,"column":0},"end":{"line":24,"column":2}},"5":{"start":{"line":26,"column":0},"end":{"line":29,"column":2}}},"fnMap":{"0":{"name":"(anonymous_0)","decl":{"start":{"line":13,"column":15},"end":{"line":13,"column":16}},"loc":{"start":{"line":13,"column":49},"end":{"line":18,"column":1}},"line":13}},"branchMap":{"0":{"loc":{"start":{"line":14,"column":2},"end":{"line":16,"column":3}},"type":"if","locations":[{"start":{"line":14,"column":2},"end":{"line":16,"column":3}},{"start":{"line":14,"column":2},"end":{"line":16,"column":3}}],"line":14}},"s":{"0":17,"1":11,"2":3,"3":8,"4":17,"5":17},"f":{"0":11},"b":{"0":[3,8]},"_coverageSchema":"1a1c01bbd47fc00a2c39e90264f33305004495a9","hash":"b9ef2618aa81687835e1f89fd744f543efd419c1"}
,"/Users/chroma/Projects/rn/studentqna/src/components/atoms/Spinner/index.js": {"path":"/Users/chroma/Projects/rn/studentqna/src/components/atoms/Spinner/index.js","statementMap":{"0":{"start":{"line":14,"column":16},"end":{"line":20,"column":1}},"1":{"start":{"line":15,"column":2},"end":{"line":19,"column":4}},"2":{"start":{"line":24,"column":15},"end":{"line":30,"column":2}}},"fnMap":{"0":{"name":"(anonymous_0)","decl":{"start":{"line":14,"column":16},"end":{"line":14,"column":17}},"loc":{"start":{"line":14,"column":22},"end":{"line":20,"column":1}},"line":14}},"branchMap":{},"s":{"0":17,"1":1,"2":17},"f":{"0":1},"b":{},"_coverageSchema":"1a1c01bbd47fc00a2c39e90264f33305004495a9","hash":"3d9a88f6e90b7a8ea7d6a18727a06797ea14055b"}
,"/Users/chroma/Projects/rn/studentqna/src/components/atoms/Title/index.js": {"path":"/Users/chroma/Projects/rn/studentqna/src/components/atoms/Title/index.js","statementMap":{"0":{"start":{"line":15,"column":20},"end":{"line":19,"column":1}},"1":{"start":{"line":21,"column":14},"end":{"line":27,"column":1}},"2":{"start":{"line":22,"column":2},"end":{"line":26,"column":4}},"3":{"start":{"line":29,"column":0},"end":{"line":31,"column":2}},"4":{"start":{"line":33,"column":0},"end":{"line":35,"column":2}},"5":{"start":{"line":39,"column":15},"end":{"line":44,"column":2}}},"fnMap":{"0":{"name":"(anonymous_0)","decl":{"start":{"line":21,"column":14},"end":{"line":21,"column":15}},"loc":{"start":{"line":21,"column":43},"end":{"line":27,"column":1}},"line":21}},"branchMap":{},"s":{"0":17,"1":17,"2":34,"3":17,"4":17,"5":17},"f":{"0":34},"b":{},"_coverageSchema":"1a1c01bbd47fc00a2c39e90264f33305004495a9","hash":"2d856a4c62c5abe104fdacabe7e816dc67717cc2"}
,"/Users/chroma/Projects/rn/studentqna/src/components/molecules/index.js": {"path":"/Users/chroma/Projects/rn/studentqna/src/components/molecules/index.js","statementMap":{},"fnMap":{},"branchMap":{},"s":{},"f":{},"b":{},"_coverageSchema":"1a1c01bbd47fc00a2c39e90264f33305004495a9","hash":"7d9acc37b86955a63deb40e212e1dbb9bb0feb16"}
,"/Users/chroma/Projects/rn/studentqna/src/components/molecules/QuestionDetails/index.js": {"path":"/Users/chroma/Projects/rn/studentqna/src/components/molecules/QuestionDetails/index.js","statementMap":{"0":{"start":{"line":15,"column":24},"end":{"line":27,"column":1}},"1":{"start":{"line":16,"column":2},"end":{"line":26,"column":4}},"2":{"start":{"line":29,"column":0},"end":{"line":33,"column":2}},"3":{"start":{"line":35,"column":0},"end":{"line":39,"column":2}},"4":{"start":{"line":43,"column":15},"end":{"line":56,"column":2}}},"fnMap":{"0":{"name":"(anonymous_0)","decl":{"start":{"line":15,"column":24},"end":{"line":15,"column":25}},"loc":{"start":{"line":15,"column":59},"end":{"line":27,"column":1}},"line":15}},"branchMap":{},"s":{"0":9,"1":12,"2":9,"3":9,"4":9},"f":{"0":12},"b":{},"_coverageSchema":"1a1c01bbd47fc00a2c39e90264f33305004495a9","hash":"7fc8e9fb5f57152fbde417f64986312d475f469b"}
,"/Users/chroma/Projects/rn/studentqna/src/components/molecules/QuestionResult/index.js": {"path":"/Users/chroma/Projects/rn/studentqna/src/components/molecules/QuestionResult/index.js","statementMap":{"0":{"start":{"line":20,"column":23},"end":{"line":36,"column":1}},"1":{"start":{"line":21,"column":17},"end":{"line":21,"column":66}},"2":{"start":{"line":22,"column":20},"end":{"line":26,"column":3}},"3":{"start":{"line":28,"column":2},"end":{"line":35,"column":4}},"4":{"start":{"line":38,"column":0},"end":{"line":42,"column":2}},"5":{"start":{"line":44,"column":0},"end":{"line":48,"column":2}}},"fnMap":{"0":{"name":"(anonymous_0)","decl":{"start":{"line":20,"column":23},"end":{"line":20,"column":24}},"loc":{"start":{"line":20,"column":70},"end":{"line":36,"column":1}},"line":20}},"branchMap":{"0":{"loc":{"start":{"line":21,"column":30},"end":{"line":21,"column":65}},"type":"cond-expr","locations":[{"start":{"line":21,"column":42},"end":{"line":21,"column":51}},{"start":{"line":21,"column":54},"end":{"line":21,"column":65}}],"line":21},"1":{"loc":{"start":{"line":23,"column":10},"end":{"line":23,"column":53}},"type":"cond-expr","locations":[{"start":{"line":23,"column":22},"end":{"line":23,"column":36}},{"start":{"line":23,"column":39},"end":{"line":23,"column":53}}],"line":23},"2":{"loc":{"start":{"line":24,"column":11},"end":{"line":24,"column":52}},"type":"cond-expr","locations":[{"start":{"line":24,"column":23},"end":{"line":24,"column":37}},{"start":{"line":24,"column":40},"end":{"line":24,"column":52}}],"line":24},"3":{"loc":{"start":{"line":32,"column":9},"end":{"line":32,"column":50}},"type":"cond-expr","locations":[{"start":{"line":32,"column":21},"end":{"line":32,"column":33}},{"start":{"line":32,"column":36},"end":{"line":32,"column":50}}],"line":32}},"s":{"0":9,"1":11,"2":11,"3":11,"4":9,"5":9},"f":{"0":11},"b":{"0":[3,8],"1":[3,8],"2":[3,8],"3":[3,8]},"_coverageSchema":"1a1c01bbd47fc00a2c39e90264f33305004495a9","hash":"1af7e19b3e38a8e7a4db66137330fa1b22add422"}
,"/Users/chroma/Projects/rn/studentqna/src/components/molecules/QuestionResult/selectStyles.js": {"path":"/Users/chroma/Projects/rn/studentqna/src/components/molecules/QuestionResult/selectStyles.js","statementMap":{"0":{"start":{"line":12,"column":21},"end":{"line":23,"column":1}},"1":{"start":{"line":25,"column":15},"end":{"line":40,"column":1}},"2":{"start":{"line":42,"column":39},"end":{"line":42,"column":70}}},"fnMap":{"0":{"name":"(anonymous_0)","decl":{"start":{"line":42,"column":15},"end":{"line":42,"column":16}},"loc":{"start":{"line":42,"column":39},"end":{"line":42,"column":70}},"line":42}},"branchMap":{"0":{"loc":{"start":{"line":42,"column":16},"end":{"line":42,"column":34}},"type":"default-arg","locations":[{"start":{"line":42,"column":23},"end":{"line":42,"column":34}}],"line":42}},"s":{"0":9,"1":9,"2":11},"f":{"0":11},"b":{"0":[0]},"_coverageSchema":"1a1c01bbd47fc00a2c39e90264f33305004495a9","hash":"4601d8ba75b62869a1c69c71494475461f2bc46c"}
,"/Users/chroma/Projects/rn/studentqna/src/components/molecules/RadioCard/index.js": {"path":"/Users/chroma/Projects/rn/studentqna/src/components/molecules/RadioCard/index.js","statementMap":{"0":{"start":{"line":19,"column":18},"end":{"line":27,"column":1}},"1":{"start":{"line":20,"column":2},"end":{"line":26,"column":4}},"2":{"start":{"line":29,"column":0},"end":{"line":33,"column":2}},"3":{"start":{"line":35,"column":0},"end":{"line":39,"column":2}},"4":{"start":{"line":38,"column":17},"end":{"line":38,"column":49}},"5":{"start":{"line":43,"column":15},"end":{"line":51,"column":2}}},"fnMap":{"0":{"name":"(anonymous_0)","decl":{"start":{"line":19,"column":18},"end":{"line":19,"column":19}},"loc":{"start":{"line":19,"column":65},"end":{"line":27,"column":1}},"line":19},"1":{"name":"(anonymous_1)","decl":{"start":{"line":38,"column":11},"end":{"line":38,"column":12}},"loc":{"start":{"line":38,"column":17},"end":{"line":38,"column":49}},"line":38}},"branchMap":{"0":{"loc":{"start":{"line":22,"column":27},"end":{"line":22,"column":56}},"type":"binary-expr","locations":[{"start":{"line":22,"column":27},"end":{"line":22,"column":37}},{"start":{"line":22,"column":41},"end":{"line":22,"column":56}}],"line":22}},"s":{"0":9,"1":79,"2":9,"3":9,"4":0,"5":9},"f":{"0":79,"1":0},"b":{"0":[79,9]},"_coverageSchema":"1a1c01bbd47fc00a2c39e90264f33305004495a9","hash":"1dc8b245b1684257ae745fd3e72fd441f19aa4bc"}
,"/Users/chroma/Projects/rn/studentqna/src/components/organisms/index.js": {"path":"/Users/chroma/Projects/rn/studentqna/src/components/organisms/index.js","statementMap":{},"fnMap":{},"branchMap":{},"s":{},"f":{},"b":{},"_coverageSchema":"1a1c01bbd47fc00a2c39e90264f33305004495a9","hash":"35af42a17f20faee6475c0ca4c39ea1cd3913c83"}
,"/Users/chroma/Projects/rn/studentqna/src/components/organisms/AnswersList/index.js": {"path":"/Users/chroma/Projects/rn/studentqna/src/components/organisms/AnswersList/index.js","statementMap":{"0":{"start":{"line":15,"column":20},"end":{"line":33,"column":1}},"1":{"start":{"line":16,"column":34},"end":{"line":16,"column":46}},"2":{"start":{"line":17,"column":2},"end":{"line":32,"column":4}},"3":{"start":{"line":20,"column":8},"end":{"line":29,"column":10}},"4":{"start":{"line":24,"column":12},"end":{"line":24,"column":42}},"5":{"start":{"line":25,"column":12},"end":{"line":25,"column":30}},"6":{"start":{"line":35,"column":0},"end":{"line":38,"column":2}},"7":{"start":{"line":40,"column":0},"end":{"line":42,"column":2}},"8":{"start":{"line":41,"column":37},"end":{"line":41,"column":76}},"9":{"start":{"line":46,"column":15},"end":{"line":53,"column":2}}},"fnMap":{"0":{"name":"(anonymous_0)","decl":{"start":{"line":15,"column":20},"end":{"line":15,"column":21}},"loc":{"start":{"line":15,"column":48},"end":{"line":33,"column":1}},"line":15},"1":{"name":"(anonymous_1)","decl":{"start":{"line":19,"column":16},"end":{"line":19,"column":17}},"loc":{"start":{"line":20,"column":8},"end":{"line":29,"column":10}},"line":20},"2":{"name":"(anonymous_2)","decl":{"start":{"line":23,"column":19},"end":{"line":23,"column":20}},"loc":{"start":{"line":23,"column":25},"end":{"line":26,"column":11}},"line":23},"3":{"name":"(anonymous_3)","decl":{"start":{"line":41,"column":18},"end":{"line":41,"column":19}},"loc":{"start":{"line":41,"column":37},"end":{"line":41,"column":76}},"line":41}},"branchMap":{},"s":{"0":6,"1":19,"2":19,"3":76,"4":8,"5":8,"6":6,"7":6,"8":0,"9":6},"f":{"0":19,"1":76,"2":8,"3":0},"b":{},"_coverageSchema":"1a1c01bbd47fc00a2c39e90264f33305004495a9","hash":"a18ae7280e24b9590af9313632be689831d50a40"}
,"/Users/chroma/Projects/rn/studentqna/src/components/organisms/CategoryList/index.js": {"path":"/Users/chroma/Projects/rn/studentqna/src/components/organisms/CategoryList/index.js","statementMap":{"0":{"start":{"line":15,"column":21},"end":{"line":28,"column":1}},"1":{"start":{"line":16,"column":2},"end":{"line":27,"column":4}},"2":{"start":{"line":19,"column":8},"end":{"line":24,"column":10}},"3":{"start":{"line":22,"column":25},"end":{"line":22,"column":54}},"4":{"start":{"line":30,"column":0},"end":{"line":33,"column":2}},"5":{"start":{"line":35,"column":0},"end":{"line":37,"column":2}},"6":{"start":{"line":36,"column":37},"end":{"line":36,"column":76}},"7":{"start":{"line":41,"column":15},"end":{"line":48,"column":2}}},"fnMap":{"0":{"name":"(anonymous_0)","decl":{"start":{"line":15,"column":21},"end":{"line":15,"column":22}},"loc":{"start":{"line":15,"column":49},"end":{"line":28,"column":1}},"line":15},"1":{"name":"(anonymous_1)","decl":{"start":{"line":18,"column":16},"end":{"line":18,"column":17}},"loc":{"start":{"line":19,"column":8},"end":{"line":24,"column":10}},"line":19},"2":{"name":"(anonymous_2)","decl":{"start":{"line":22,"column":19},"end":{"line":22,"column":20}},"loc":{"start":{"line":22,"column":25},"end":{"line":22,"column":54}},"line":22},"3":{"name":"(anonymous_3)","decl":{"start":{"line":36,"column":18},"end":{"line":36,"column":19}},"loc":{"start":{"line":36,"column":37},"end":{"line":36,"column":76}},"line":36}},"branchMap":{},"s":{"0":6,"1":6,"2":22,"3":9,"4":6,"5":6,"6":0,"7":6},"f":{"0":6,"1":22,"2":9,"3":0},"b":{},"_coverageSchema":"1a1c01bbd47fc00a2c39e90264f33305004495a9","hash":"cdf82549dfff05c593638a76d52715daf5fa5cab"}
,"/Users/chroma/Projects/rn/studentqna/src/components/templates/index.js": {"path":"/Users/chroma/Projects/rn/studentqna/src/components/templates/index.js","statementMap":{},"fnMap":{},"branchMap":{},"s":{},"f":{},"b":{},"_coverageSchema":"1a1c01bbd47fc00a2c39e90264f33305004495a9","hash":"e9cba9074e7015a9ebabe3d6eeaee19112f3e1fb"}
,"/Users/chroma/Projects/rn/studentqna/src/components/templates/AssessmentResultTemplate/index.js": {"path":"/Users/chroma/Projects/rn/studentqna/src/components/templates/AssessmentResultTemplate/index.js","statementMap":{"0":{"start":{"line":19,"column":37},"end":{"line":25,"column":1}},"1":{"start":{"line":20,"column":17},"end":{"line":20,"column":22}},"2":{"start":{"line":21,"column":2},"end":{"line":23,"column":3}},"3":{"start":{"line":21,"column":15},"end":{"line":21,"column":16}},"4":{"start":{"line":22,"column":4},"end":{"line":22,"column":51}},"5":{"start":{"line":24,"column":2},"end":{"line":24,"column":18}},"6":{"start":{"line":27,"column":33},"end":{"line":58,"column":1}},"7":{"start":{"line":28,"column":34},"end":{"line":28,"column":51}},"8":{"start":{"line":29,"column":2},"end":{"line":57,"column":4}},"9":{"start":{"line":60,"column":0},"end":{"line":64,"column":2}},"10":{"start":{"line":68,"column":15},"end":{"line":84,"column":2}}},"fnMap":{"0":{"name":"(anonymous_0)","decl":{"start":{"line":19,"column":37},"end":{"line":19,"column":38}},"loc":{"start":{"line":19,"column":64},"end":{"line":25,"column":1}},"line":19},"1":{"name":"(anonymous_1)","decl":{"start":{"line":27,"column":33},"end":{"line":27,"column":34}},"loc":{"start":{"line":27,"column":77},"end":{"line":58,"column":1}},"line":27}},"branchMap":{"0":{"loc":{"start":{"line":19,"column":38},"end":{"line":19,"column":48}},"type":"default-arg","locations":[{"start":{"line":19,"column":46},"end":{"line":19,"column":48}}],"line":19},"1":{"loc":{"start":{"line":19,"column":50},"end":{"line":19,"column":59}},"type":"default-arg","locations":[{"start":{"line":19,"column":57},"end":{"line":19,"column":59}}],"line":19}},"s":{"0":4,"1":8,"2":8,"3":8,"4":16,"5":8,"6":4,"7":2,"8":2,"9":4,"10":4},"f":{"0":8,"1":2},"b":{"0":[0],"1":[0]},"_coverageSchema":"1a1c01bbd47fc00a2c39e90264f33305004495a9","hash":"0ef8eeb51bc28afde2dac34a0c6f52e2921b2d78"}
,"/Users/chroma/Projects/rn/studentqna/src/components/templates/AssessmentTemplate/index.js": {"path":"/Users/chroma/Projects/rn/studentqna/src/components/templates/AssessmentTemplate/index.js","statementMap":{"0":{"start":{"line":18,"column":27},"end":{"line":68,"column":1}},"1":{"start":{"line":33,"column":2},"end":{"line":67,"column":4}},"2":{"start":{"line":70,"column":0},"end":{"line":84,"column":2}},"3":{"start":{"line":88,"column":15},"end":{"line":109,"column":2}}},"fnMap":{"0":{"name":"(anonymous_0)","decl":{"start":{"line":18,"column":27},"end":{"line":18,"column":28}},"loc":{"start":{"line":32,"column":6},"end":{"line":68,"column":1}},"line":32}},"branchMap":{},"s":{"0":4,"1":9,"2":4,"3":4},"f":{"0":9},"b":{},"_coverageSchema":"1a1c01bbd47fc00a2c39e90264f33305004495a9","hash":"7c0fa4cc77760fac417a755942919896bdba5e8d"}
,"/Users/chroma/Projects/rn/studentqna/src/components/templates/HomeTemplate/index.js": {"path":"/Users/chroma/Projects/rn/studentqna/src/components/templates/HomeTemplate/index.js","statementMap":{"0":{"start":{"line":17,"column":21},"end":{"line":26,"column":1}},"1":{"start":{"line":18,"column":2},"end":{"line":25,"column":4}},"2":{"start":{"line":28,"column":0},"end":{"line":32,"column":2}},"3":{"start":{"line":36,"column":15},"end":{"line":47,"column":2}}},"fnMap":{"0":{"name":"(anonymous_0)","decl":{"start":{"line":17,"column":21},"end":{"line":17,"column":22}},"loc":{"start":{"line":17,"column":62},"end":{"line":26,"column":1}},"line":17}},"branchMap":{},"s":{"0":4,"1":4,"2":4,"3":4},"f":{"0":4},"b":{},"_coverageSchema":"1a1c01bbd47fc00a2c39e90264f33305004495a9","hash":"dace94250ee45c1972544483b4502a0ee27bb5b0"}
,"/Users/chroma/Projects/rn/studentqna/src/data/model/AsyncHandler.js": {"path":"/Users/chroma/Projects/rn/studentqna/src/data/model/AsyncHandler.js","statementMap":{"0":{"start":{"line":16,"column":23},"end":{"line":29,"column":3}},"1":{"start":{"line":17,"column":4},"end":{"line":19,"column":5}},"2":{"start":{"line":18,"column":6},"end":{"line":18,"column":23}},"3":{"start":{"line":20,"column":17},"end":{"line":26,"column":16}},"4":{"start":{"line":22,"column":8},"end":{"line":24,"column":9}},"5":{"start":{"line":23,"column":10},"end":{"line":23,"column":77}},"6":{"start":{"line":28,"column":4},"end":{"line":28,"column":16}},"7":{"start":{"line":31,"column":21},"end":{"line":45,"column":3}},"8":{"start":{"line":37,"column":4},"end":{"line":44,"column":5}},"9":{"start":{"line":38,"column":19},"end":{"line":38,"column":51}},"10":{"start":{"line":39,"column":23},"end":{"line":39,"column":70}},"11":{"start":{"line":40,"column":19},"end":{"line":40,"column":40}},"12":{"start":{"line":41,"column":6},"end":{"line":41,"column":18}},"13":{"start":{"line":43,"column":6},"end":{"line":43,"column":18}}},"fnMap":{"0":{"name":"(anonymous_0)","decl":{"start":{"line":16,"column":23},"end":{"line":16,"column":24}},"loc":{"start":{"line":16,"column":33},"end":{"line":29,"column":3}},"line":16},"1":{"name":"(anonymous_1)","decl":{"start":{"line":21,"column":11},"end":{"line":21,"column":12}},"loc":{"start":{"line":21,"column":16},"end":{"line":25,"column":7}},"line":21},"2":{"name":"(anonymous_2)","decl":{"start":{"line":31,"column":21},"end":{"line":31,"column":22}},"loc":{"start":{"line":36,"column":8},"end":{"line":45,"column":3}},"line":36},"3":{"name":"(anonymous_3)","decl":{"start":{"line":35,"column":14},"end":{"line":35,"column":15}},"loc":{"start":{"line":35,"column":20},"end":{"line":35,"column":22}},"line":35}},"branchMap":{"0":{"loc":{"start":{"line":17,"column":4},"end":{"line":19,"column":5}},"type":"if","locations":[{"start":{"line":17,"column":4},"end":{"line":19,"column":5}},{"start":{"line":17,"column":4},"end":{"line":19,"column":5}}],"line":17},"1":{"loc":{"start":{"line":22,"column":8},"end":{"line":24,"column":9}},"type":"if","locations":[{"start":{"line":22,"column":8},"end":{"line":24,"column":9}},{"start":{"line":22,"column":8},"end":{"line":24,"column":9}}],"line":22},"2":{"loc":{"start":{"line":32,"column":4},"end":{"line":32,"column":12}},"type":"default-arg","locations":[{"start":{"line":32,"column":10},"end":{"line":32,"column":12}}],"line":32},"3":{"loc":{"start":{"line":33,"column":4},"end":{"line":33,"column":20}},"type":"default-arg","locations":[{"start":{"line":33,"column":18},"end":{"line":33,"column":20}}],"line":33},"4":{"loc":{"start":{"line":34,"column":4},"end":{"line":34,"column":15}},"type":"default-arg","locations":[{"start":{"line":34,"column":13},"end":{"line":34,"column":15}}],"line":34},"5":{"loc":{"start":{"line":35,"column":4},"end":{"line":35,"column":22}},"type":"default-arg","locations":[{"start":{"line":35,"column":14},"end":{"line":35,"column":22}}],"line":35}},"s":{"0":1,"1":0,"2":0,"3":0,"4":0,"5":0,"6":0,"7":1,"8":0,"9":0,"10":0,"11":0,"12":0,"13":0},"f":{"0":0,"1":0,"2":0,"3":0},"b":{"0":[0,0],"1":[0,0],"2":[0],"3":[0],"4":[0],"5":[0]},"_coverageSchema":"1a1c01bbd47fc00a2c39e90264f33305004495a9","hash":"2d235c2a0a698f99b04de0c97d5bb6e8ebc49f84"}
,"/Users/chroma/Projects/rn/studentqna/src/data/model/Category.js": {"path":"/Users/chroma/Projects/rn/studentqna/src/data/model/Category.js","statementMap":{"0":{"start":{"line":10,"column":7},"end":{"line":10,"column":8}},"1":{"start":{"line":11,"column":9},"end":{"line":11,"column":11}},"2":{"start":{"line":14,"column":4},"end":{"line":14,"column":17}},"3":{"start":{"line":15,"column":4},"end":{"line":15,"column":21}}},"fnMap":{"0":{"name":"(anonymous_0)","decl":{"start":{"line":13,"column":2},"end":{"line":13,"column":3}},"loc":{"start":{"line":13,"column":33},"end":{"line":16,"column":3}},"line":13}},"branchMap":{"0":{"loc":{"start":{"line":13,"column":14},"end":{"line":13,"column":20}},"type":"default-arg","locations":[{"start":{"line":13,"column":19},"end":{"line":13,"column":20}}],"line":13},"1":{"loc":{"start":{"line":13,"column":22},"end":{"line":13,"column":31}},"type":"default-arg","locations":[{"start":{"line":13,"column":29},"end":{"line":13,"column":31}}],"line":13}},"s":{"0":0,"1":0,"2":0,"3":0},"f":{"0":0},"b":{"0":[0],"1":[0]},"_coverageSchema":"1a1c01bbd47fc00a2c39e90264f33305004495a9","hash":"bedf261b726219d8241de39548e74e610764fd33"}
,"/Users/chroma/Projects/rn/studentqna/src/data/model/Question.js": {"path":"/Users/chroma/Projects/rn/studentqna/src/data/model/Question.js","statementMap":{"0":{"start":{"line":10,"column":13},"end":{"line":10,"column":15}},"1":{"start":{"line":11,"column":9},"end":{"line":11,"column":11}},"2":{"start":{"line":12,"column":15},"end":{"line":12,"column":17}},"3":{"start":{"line":13,"column":13},"end":{"line":13,"column":15}},"4":{"start":{"line":14,"column":18},"end":{"line":14,"column":20}},"5":{"start":{"line":15,"column":12},"end":{"line":15,"column":14}},"6":{"start":{"line":25,"column":4},"end":{"line":25,"column":29}},"7":{"start":{"line":26,"column":4},"end":{"line":26,"column":21}},"8":{"start":{"line":27,"column":4},"end":{"line":27,"column":33}},"9":{"start":{"line":28,"column":4},"end":{"line":28,"column":29}},"10":{"start":{"line":29,"column":4},"end":{"line":29,"column":39}},"11":{"start":{"line":30,"column":4},"end":{"line":30,"column":27}},"12":{"start":{"line":33,"column":11},"end":{"line":35,"column":3}},"13":{"start":{"line":34,"column":4},"end":{"line":34,"column":44}},"14":{"start":{"line":37,"column":33},"end":{"line":57,"column":3}},"15":{"start":{"line":45,"column":8},"end":{"line":45,"column":15}},"16":{"start":{"line":46,"column":27},"end":{"line":46,"column":54}},"17":{"start":{"line":47,"column":18},"end":{"line":47,"column":60}},"18":{"start":{"line":47,"column":45},"end":{"line":47,"column":59}},"19":{"start":{"line":48,"column":4},"end":{"line":48,"column":33}},"20":{"start":{"line":50,"column":4},"end":{"line":50,"column":42}},"21":{"start":{"line":51,"column":4},"end":{"line":51,"column":34}},"22":{"start":{"line":52,"column":4},"end":{"line":52,"column":46}},"23":{"start":{"line":53,"column":4},"end":{"line":53,"column":42}},"24":{"start":{"line":54,"column":4},"end":{"line":54,"column":40}},"25":{"start":{"line":55,"column":4},"end":{"line":55,"column":59}},"26":{"start":{"line":55,"column":38},"end":{"line":55,"column":57}},"27":{"start":{"line":56,"column":4},"end":{"line":56,"column":16}}},"fnMap":{"0":{"name":"(anonymous_0)","decl":{"start":{"line":17,"column":2},"end":{"line":17,"column":3}},"loc":{"start":{"line":24,"column":4},"end":{"line":31,"column":3}},"line":24},"1":{"name":"(anonymous_1)","decl":{"start":{"line":33,"column":11},"end":{"line":33,"column":12}},"loc":{"start":{"line":33,"column":34},"end":{"line":35,"column":3}},"line":33},"2":{"name":"(anonymous_2)","decl":{"start":{"line":37,"column":33},"end":{"line":37,"column":34}},"loc":{"start":{"line":37,"column":51},"end":{"line":57,"column":3}},"line":37},"3":{"name":"(anonymous_3)","decl":{"start":{"line":47,"column":40},"end":{"line":47,"column":41}},"loc":{"start":{"line":47,"column":45},"end":{"line":47,"column":59}},"line":47},"4":{"name":"(anonymous_4)","decl":{"start":{"line":55,"column":32},"end":{"line":55,"column":33}},"loc":{"start":{"line":55,"column":38},"end":{"line":55,"column":57}},"line":55}},"branchMap":{"0":{"loc":{"start":{"line":18,"column":4},"end":{"line":18,"column":17}},"type":"default-arg","locations":[{"start":{"line":18,"column":15},"end":{"line":18,"column":17}}],"line":18},"1":{"loc":{"start":{"line":19,"column":4},"end":{"line":19,"column":13}},"type":"default-arg","locations":[{"start":{"line":19,"column":11},"end":{"line":19,"column":13}}],"line":19},"2":{"loc":{"start":{"line":20,"column":4},"end":{"line":20,"column":23}},"type":"default-arg","locations":[{"start":{"line":20,"column":17},"end":{"line":20,"column":23}}],"line":20},"3":{"loc":{"start":{"line":21,"column":4},"end":{"line":21,"column":17}},"type":"default-arg","locations":[{"start":{"line":21,"column":15},"end":{"line":21,"column":17}}],"line":21},"4":{"loc":{"start":{"line":22,"column":4},"end":{"line":22,"column":22}},"type":"default-arg","locations":[{"start":{"line":22,"column":20},"end":{"line":22,"column":22}}],"line":22},"5":{"loc":{"start":{"line":23,"column":4},"end":{"line":23,"column":16}},"type":"default-arg","locations":[{"start":{"line":23,"column":14},"end":{"line":23,"column":16}}],"line":23},"6":{"loc":{"start":{"line":33,"column":12},"end":{"line":33,"column":29}},"type":"default-arg","locations":[{"start":{"line":33,"column":27},"end":{"line":33,"column":29}}],"line":33},"7":{"loc":{"start":{"line":37,"column":34},"end":{"line":37,"column":46}},"type":"default-arg","locations":[{"start":{"line":37,"column":44},"end":{"line":37,"column":46}}],"line":37},"8":{"loc":{"start":{"line":39,"column":6},"end":{"line":39,"column":19}},"type":"default-arg","locations":[{"start":{"line":39,"column":17},"end":{"line":39,"column":19}}],"line":39},"9":{"loc":{"start":{"line":40,"column":6},"end":{"line":40,"column":15}},"type":"default-arg","locations":[{"start":{"line":40,"column":13},"end":{"line":40,"column":15}}],"line":40},"10":{"loc":{"start":{"line":41,"column":6},"end":{"line":41,"column":21}},"type":"default-arg","locations":[{"start":{"line":41,"column":19},"end":{"line":41,"column":21}}],"line":41},"11":{"loc":{"start":{"line":42,"column":6},"end":{"line":42,"column":19}},"type":"default-arg","locations":[{"start":{"line":42,"column":17},"end":{"line":42,"column":19}}],"line":42},"12":{"loc":{"start":{"line":43,"column":6},"end":{"line":43,"column":25}},"type":"default-arg","locations":[{"start":{"line":43,"column":23},"end":{"line":43,"column":25}}],"line":43},"13":{"loc":{"start":{"line":44,"column":6},"end":{"line":44,"column":28}},"type":"default-arg","locations":[{"start":{"line":44,"column":26},"end":{"line":44,"column":28}}],"line":44}},"s":{"0":0,"1":0,"2":0,"3":0,"4":0,"5":0,"6":0,"7":0,"8":0,"9":0,"10":0,"11":0,"12":0,"13":0,"14":0,"15":0,"16":0,"17":0,"18":0,"19":0,"20":0,"21":0,"22":0,"23":0,"24":0,"25":0,"26":0,"27":0},"f":{"0":0,"1":0,"2":0,"3":0,"4":0},"b":{"0":[0],"1":[0],"2":[0],"3":[0],"4":[0],"5":[0],"6":[0],"7":[0],"8":[0],"9":[0],"10":[0],"11":[0],"12":[0],"13":[0]},"_coverageSchema":"1a1c01bbd47fc00a2c39e90264f33305004495a9","hash":"6cee4b05a399a091a5ccff1cbf6993458660bbc8"}
,"/Users/chroma/Projects/rn/studentqna/src/data/model/Result.js": {"path":"/Users/chroma/Projects/rn/studentqna/src/data/model/Result.js","statementMap":{"0":{"start":{"line":10,"column":16},"end":{"line":10,"column":18}},"1":{"start":{"line":11,"column":18},"end":{"line":11,"column":20}},"2":{"start":{"line":12,"column":15},"end":{"line":12,"column":17}},"3":{"start":{"line":13,"column":15},"end":{"line":13,"column":25}},"4":{"start":{"line":14,"column":14},"end":{"line":14,"column":19}},"5":{"start":{"line":22,"column":4},"end":{"line":22,"column":35}},"6":{"start":{"line":23,"column":4},"end":{"line":23,"column":39}},"7":{"start":{"line":24,"column":4},"end":{"line":24,"column":33}},"8":{"start":{"line":25,"column":4},"end":{"line":25,"column":33}},"9":{"start":{"line":26,"column":4},"end":{"line":27,"column":68}}},"fnMap":{"0":{"name":"(anonymous_0)","decl":{"start":{"line":16,"column":2},"end":{"line":16,"column":3}},"loc":{"start":{"line":21,"column":4},"end":{"line":28,"column":3}},"line":21}},"branchMap":{"0":{"loc":{"start":{"line":17,"column":4},"end":{"line":17,"column":20}},"type":"default-arg","locations":[{"start":{"line":17,"column":18},"end":{"line":17,"column":20}}],"line":17},"1":{"loc":{"start":{"line":18,"column":4},"end":{"line":18,"column":22}},"type":"default-arg","locations":[{"start":{"line":18,"column":20},"end":{"line":18,"column":22}}],"line":18},"2":{"loc":{"start":{"line":19,"column":4},"end":{"line":19,"column":19}},"type":"default-arg","locations":[{"start":{"line":19,"column":17},"end":{"line":19,"column":19}}],"line":19},"3":{"loc":{"start":{"line":20,"column":4},"end":{"line":20,"column":27}},"type":"default-arg","locations":[{"start":{"line":20,"column":17},"end":{"line":20,"column":27}}],"line":20},"4":{"loc":{"start":{"line":27,"column":6},"end":{"line":27,"column":67}},"type":"binary-expr","locations":[{"start":{"line":27,"column":6},"end":{"line":27,"column":17}},{"start":{"line":27,"column":21},"end":{"line":27,"column":34}},{"start":{"line":27,"column":38},"end":{"line":27,"column":67}}],"line":27}},"s":{"0":0,"1":0,"2":0,"3":0,"4":0,"5":0,"6":0,"7":0,"8":0,"9":0},"f":{"0":0},"b":{"0":[0],"1":[0],"2":[0],"3":[0],"4":[0,0,0]},"_coverageSchema":"1a1c01bbd47fc00a2c39e90264f33305004495a9","hash":"4fe71be427835f705f6c971f7e8347b334704f0a"}
,"/Users/chroma/Projects/rn/studentqna/src/data/model/Assessment/Assessment.js": {"path":"/Users/chroma/Projects/rn/studentqna/src/data/model/Assessment/Assessment.js","statementMap":{"0":{"start":{"line":12,"column":30},"end":{"line":16,"column":3}},"1":{"start":{"line":18,"column":13},"end":{"line":18,"column":15}},"2":{"start":{"line":19,"column":17},"end":{"line":19,"column":19}},"3":{"start":{"line":20,"column":15},"end":{"line":20,"column":17}},"4":{"start":{"line":21,"column":20},"end":{"line":21,"column":34}},"5":{"start":{"line":22,"column":22},"end":{"line":22,"column":30}},"6":{"start":{"line":31,"column":4},"end":{"line":31,"column":29}},"7":{"start":{"line":32,"column":4},"end":{"line":32,"column":37}},"8":{"start":{"line":33,"column":4},"end":{"line":33,"column":33}},"9":{"start":{"line":34,"column":4},"end":{"line":34,"column":43}},"10":{"start":{"line":35,"column":4},"end":{"line":35,"column":47}},"11":{"start":{"line":39,"column":27},"end":{"line":39,"column":74}},"12":{"start":{"line":40,"column":4},"end":{"line":42,"column":5}},"13":{"start":{"line":41,"column":6},"end":{"line":41,"column":21}},"14":{"start":{"line":43,"column":4},"end":{"line":43,"column":70}},"15":{"start":{"line":54,"column":44},"end":{"line":54,"column":48}},"16":{"start":{"line":55,"column":29},"end":{"line":55,"column":46}},"17":{"start":{"line":57,"column":25},"end":{"line":57,"column":42}},"18":{"start":{"line":58,"column":4},"end":{"line":67,"column":5}},"19":{"start":{"line":59,"column":6},"end":{"line":66,"column":7}},"20":{"start":{"line":62,"column":8},"end":{"line":65,"column":10}},"21":{"start":{"line":69,"column":4},"end":{"line":69,"column":26}},"22":{"start":{"line":73,"column":25},"end":{"line":77,"column":5}},"23":{"start":{"line":75,"column":8},"end":{"line":75,"column":62}},"24":{"start":{"line":78,"column":4},"end":{"line":78,"column":39}},"25":{"start":{"line":82,"column":4},"end":{"line":87,"column":6}},"26":{"start":{"line":84,"column":33},"end":{"line":84,"column":60}},"27":{"start":{"line":85,"column":35},"end":{"line":85,"column":64}},"28":{"start":{"line":86,"column":33},"end":{"line":86,"column":60}},"29":{"start":{"line":91,"column":25},"end":{"line":91,"column":29}},"30":{"start":{"line":92,"column":27},"end":{"line":92,"column":67}},"31":{"start":{"line":93,"column":4},"end":{"line":98,"column":6}},"32":{"start":{"line":102,"column":4},"end":{"line":102,"column":70}},"33":{"start":{"line":102,"column":38},"end":{"line":102,"column":67}},"34":{"start":{"line":106,"column":4},"end":{"line":109,"column":5}},"35":{"start":{"line":107,"column":6},"end":{"line":107,"column":65}},"36":{"start":{"line":108,"column":6},"end":{"line":108,"column":46}},"37":{"start":{"line":110,"column":4},"end":{"line":110,"column":48}},"38":{"start":{"line":111,"column":4},"end":{"line":111,"column":35}}},"fnMap":{"0":{"name":"(anonymous_0)","decl":{"start":{"line":24,"column":2},"end":{"line":24,"column":3}},"loc":{"start":{"line":30,"column":4},"end":{"line":36,"column":3}},"line":30},"1":{"name":"(anonymous_1)","decl":{"start":{"line":38,"column":2},"end":{"line":38,"column":3}},"loc":{"start":{"line":38,"column":50},"end":{"line":44,"column":3}},"line":38},"2":{"name":"(anonymous_2)","decl":{"start":{"line":53,"column":2},"end":{"line":53,"column":3}},"loc":{"start":{"line":53,"column":54},"end":{"line":70,"column":3}},"line":53},"3":{"name":"(anonymous_3)","decl":{"start":{"line":72,"column":2},"end":{"line":72,"column":3}},"loc":{"start":{"line":72,"column":37},"end":{"line":79,"column":3}},"line":72},"4":{"name":"(anonymous_4)","decl":{"start":{"line":74,"column":6},"end":{"line":74,"column":7}},"loc":{"start":{"line":75,"column":8},"end":{"line":75,"column":62}},"line":75},"5":{"name":"(anonymous_5)","decl":{"start":{"line":81,"column":2},"end":{"line":81,"column":3}},"loc":{"start":{"line":81,"column":37},"end":{"line":88,"column":3}},"line":81},"6":{"name":"(anonymous_6)","decl":{"start":{"line":84,"column":24},"end":{"line":84,"column":25}},"loc":{"start":{"line":84,"column":33},"end":{"line":84,"column":60}},"line":84},"7":{"name":"(anonymous_7)","decl":{"start":{"line":85,"column":26},"end":{"line":85,"column":27}},"loc":{"start":{"line":85,"column":35},"end":{"line":85,"column":64}},"line":85},"8":{"name":"(anonymous_8)","decl":{"start":{"line":86,"column":24},"end":{"line":86,"column":25}},"loc":{"start":{"line":86,"column":33},"end":{"line":86,"column":60}},"line":86},"9":{"name":"(anonymous_9)","decl":{"start":{"line":90,"column":2},"end":{"line":90,"column":3}},"loc":{"start":{"line":90,"column":22},"end":{"line":99,"column":3}},"line":90},"10":{"name":"(anonymous_10)","decl":{"start":{"line":101,"column":2},"end":{"line":101,"column":3}},"loc":{"start":{"line":101,"column":61},"end":{"line":103,"column":3}},"line":101},"11":{"name":"(anonymous_11)","decl":{"start":{"line":102,"column":27},"end":{"line":102,"column":28}},"loc":{"start":{"line":102,"column":38},"end":{"line":102,"column":67}},"line":102},"12":{"name":"(anonymous_12)","decl":{"start":{"line":105,"column":2},"end":{"line":105,"column":3}},"loc":{"start":{"line":105,"column":43},"end":{"line":112,"column":3}},"line":105}},"branchMap":{"0":{"loc":{"start":{"line":25,"column":4},"end":{"line":25,"column":17}},"type":"default-arg","locations":[{"start":{"line":25,"column":15},"end":{"line":25,"column":17}}],"line":25},"1":{"loc":{"start":{"line":26,"column":4},"end":{"line":26,"column":21}},"type":"default-arg","locations":[{"start":{"line":26,"column":19},"end":{"line":26,"column":21}}],"line":26},"2":{"loc":{"start":{"line":27,"column":4},"end":{"line":27,"column":19}},"type":"default-arg","locations":[{"start":{"line":27,"column":17},"end":{"line":27,"column":19}}],"line":27},"3":{"loc":{"start":{"line":28,"column":4},"end":{"line":28,"column":36}},"type":"default-arg","locations":[{"start":{"line":28,"column":22},"end":{"line":28,"column":36}}],"line":28},"4":{"loc":{"start":{"line":29,"column":4},"end":{"line":29,"column":32}},"type":"default-arg","locations":[{"start":{"line":29,"column":24},"end":{"line":29,"column":32}}],"line":29},"5":{"loc":{"start":{"line":38,"column":24},"end":{"line":38,"column":36}},"type":"default-arg","locations":[{"start":{"line":38,"column":34},"end":{"line":38,"column":36}}],"line":38},"6":{"loc":{"start":{"line":38,"column":38},"end":{"line":38,"column":48}},"type":"default-arg","locations":[{"start":{"line":38,"column":47},"end":{"line":38,"column":48}}],"line":38},"7":{"loc":{"start":{"line":40,"column":4},"end":{"line":42,"column":5}},"type":"if","locations":[{"start":{"line":40,"column":4},"end":{"line":42,"column":5}},{"start":{"line":40,"column":4},"end":{"line":42,"column":5}}],"line":40},"8":{"loc":{"start":{"line":40,"column":8},"end":{"line":40,"column":53}},"type":"binary-expr","locations":[{"start":{"line":40,"column":8},"end":{"line":40,"column":29}},{"start":{"line":40,"column":33},"end":{"line":40,"column":53}}],"line":40},"9":{"loc":{"start":{"line":53,"column":19},"end":{"line":53,"column":52}},"type":"default-arg","locations":[{"start":{"line":53,"column":47},"end":{"line":53,"column":52}}],"line":53},"10":{"loc":{"start":{"line":58,"column":4},"end":{"line":67,"column":5}},"type":"if","locations":[{"start":{"line":58,"column":4},"end":{"line":67,"column":5}},{"start":{"line":58,"column":4},"end":{"line":67,"column":5}}],"line":58},"11":{"loc":{"start":{"line":59,"column":6},"end":{"line":66,"column":7}},"type":"if","locations":[{"start":{"line":59,"column":6},"end":{"line":66,"column":7}},{"start":{"line":59,"column":6},"end":{"line":66,"column":7}}],"line":59},"12":{"loc":{"start":{"line":64,"column":10},"end":{"line":64,"column":44}},"type":"cond-expr","locations":[{"start":{"line":64,"column":38},"end":{"line":64,"column":39}},{"start":{"line":64,"column":42},"end":{"line":64,"column":44}}],"line":64},"13":{"loc":{"start":{"line":72,"column":26},"end":{"line":72,"column":35}},"type":"default-arg","locations":[{"start":{"line":72,"column":33},"end":{"line":72,"column":35}}],"line":72},"14":{"loc":{"start":{"line":75,"column":8},"end":{"line":75,"column":62}},"type":"cond-expr","locations":[{"start":{"line":75,"column":33},"end":{"line":75,"column":48}},{"start":{"line":75,"column":51},"end":{"line":75,"column":62}}],"line":75},"15":{"loc":{"start":{"line":81,"column":26},"end":{"line":81,"column":35}},"type":"default-arg","locations":[{"start":{"line":81,"column":33},"end":{"line":81,"column":35}}],"line":81},"16":{"loc":{"start":{"line":101,"column":40},"end":{"line":101,"column":59}},"type":"default-arg","locations":[{"start":{"line":101,"column":57},"end":{"line":101,"column":59}}],"line":101},"17":{"loc":{"start":{"line":105,"column":22},"end":{"line":105,"column":41}},"type":"default-arg","locations":[{"start":{"line":105,"column":39},"end":{"line":105,"column":41}}],"line":105},"18":{"loc":{"start":{"line":106,"column":4},"end":{"line":109,"column":5}},"type":"if","locations":[{"start":{"line":106,"column":4},"end":{"line":109,"column":5}},{"start":{"line":106,"column":4},"end":{"line":109,"column":5}}],"line":106}},"s":{"0":1,"1":0,"2":0,"3":0,"4":0,"5":0,"6":0,"7":0,"8":0,"9":0,"10":0,"11":0,"12":0,"13":0,"14":0,"15":0,"16":0,"17":0,"18":0,"19":0,"20":0,"21":0,"22":0,"23":0,"24":0,"25":0,"26":0,"27":0,"28":0,"29":0,"30":0,"31":0,"32":0,"33":0,"34":0,"35":0,"36":0,"37":0,"38":0},"f":{"0":0,"1":0,"2":0,"3":0,"4":0,"5":0,"6":0,"7":0,"8":0,"9":0,"10":0,"11":0,"12":0},"b":{"0":[0],"1":[0],"2":[0],"3":[0],"4":[0],"5":[0],"6":[0],"7":[0,0],"8":[0,0],"9":[0],"10":[0,0],"11":[0,0],"12":[0,0],"13":[0],"14":[0,0],"15":[0],"16":[0],"17":[0],"18":[0,0]},"_coverageSchema":"1a1c01bbd47fc00a2c39e90264f33305004495a9","hash":"ff5c0169efa4b0fbd2b9f0a8f280ea6540013747"}
,"/Users/chroma/Projects/rn/studentqna/src/data/model/Assessment/Persistence.js": {"path":"/Users/chroma/Projects/rn/studentqna/src/data/model/Assessment/Persistence.js","statementMap":{"0":{"start":{"line":14,"column":4},"end":{"line":21,"column":5}},"1":{"start":{"line":15,"column":6},"end":{"line":18,"column":8}},"2":{"start":{"line":20,"column":6},"end":{"line":20,"column":18}},"3":{"start":{"line":22,"column":4},"end":{"line":22,"column":16}},"4":{"start":{"line":26,"column":4},"end":{"line":35,"column":5}},"5":{"start":{"line":27,"column":20},"end":{"line":29,"column":7}},"6":{"start":{"line":30,"column":6},"end":{"line":32,"column":7}},"7":{"start":{"line":31,"column":8},"end":{"line":31,"column":33}},"8":{"start":{"line":34,"column":6},"end":{"line":34,"column":18}}},"fnMap":{"0":{"name":"(anonymous_0)","decl":{"start":{"line":13,"column":2},"end":{"line":13,"column":3}},"loc":{"start":{"line":13,"column":55},"end":{"line":23,"column":3}},"line":13},"1":{"name":"(anonymous_1)","decl":{"start":{"line":25,"column":2},"end":{"line":25,"column":3}},"loc":{"start":{"line":25,"column":44},"end":{"line":36,"column":3}},"line":25}},"branchMap":{"0":{"loc":{"start":{"line":13,"column":25},"end":{"line":13,"column":39}},"type":"default-arg","locations":[{"start":{"line":13,"column":38},"end":{"line":13,"column":39}}],"line":13},"1":{"loc":{"start":{"line":13,"column":41},"end":{"line":13,"column":53}},"type":"default-arg","locations":[{"start":{"line":13,"column":51},"end":{"line":13,"column":53}}],"line":13},"2":{"loc":{"start":{"line":25,"column":28},"end":{"line":25,"column":42}},"type":"default-arg","locations":[{"start":{"line":25,"column":41},"end":{"line":25,"column":42}}],"line":25},"3":{"loc":{"start":{"line":30,"column":6},"end":{"line":32,"column":7}},"type":"if","locations":[{"start":{"line":30,"column":6},"end":{"line":32,"column":7}},{"start":{"line":30,"column":6},"end":{"line":32,"column":7}}],"line":30}},"s":{"0":0,"1":0,"2":0,"3":0,"4":0,"5":0,"6":0,"7":0,"8":0},"f":{"0":0,"1":0},"b":{"0":[0],"1":[0],"2":[0],"3":[0,0]},"_coverageSchema":"1a1c01bbd47fc00a2c39e90264f33305004495a9","hash":"fd49a03438dc78873185d235d42519e6d6c9e594"}
,"/Users/chroma/Projects/rn/studentqna/src/data/model/Assessment/index.js": {"path":"/Users/chroma/Projects/rn/studentqna/src/data/model/Assessment/index.js","statementMap":{},"fnMap":{},"branchMap":{},"s":{},"f":{},"b":{},"_coverageSchema":"1a1c01bbd47fc00a2c39e90264f33305004495a9","hash":"9e1bac62c1e2488f4622190853036d1a8918629f"}
,"/Users/chroma/Projects/rn/studentqna/src/data/store/index.js": {"path":"/Users/chroma/Projects/rn/studentqna/src/data/store/index.js","statementMap":{"0":{"start":{"line":11,"column":17},"end":{"line":11,"column":21}},"1":{"start":{"line":13,"column":15},"end":{"line":26,"column":3}},"2":{"start":{"line":14,"column":27},"end":{"line":14,"column":49}},"3":{"start":{"line":15,"column":29},"end":{"line":17,"column":39}},"4":{"start":{"line":19,"column":18},"end":{"line":21,"column":50}},"5":{"start":{"line":23,"column":4},"end":{"line":23,"column":33}},"6":{"start":{"line":25,"column":4},"end":{"line":25,"column":17}}},"fnMap":{"0":{"name":"(anonymous_0)","decl":{"start":{"line":13,"column":15},"end":{"line":13,"column":16}},"loc":{"start":{"line":13,"column":21},"end":{"line":26,"column":3}},"line":13}},"branchMap":{"0":{"loc":{"start":{"line":15,"column":29},"end":{"line":17,"column":39}},"type":"cond-expr","locations":[{"start":{"line":16,"column":8},"end":{"line":16,"column":55}},{"start":{"line":17,"column":8},"end":{"line":17,"column":39}}],"line":15},"1":{"loc":{"start":{"line":19,"column":18},"end":{"line":21,"column":50}},"type":"cond-expr","locations":[{"start":{"line":20,"column":8},"end":{"line":20,"column":69}},{"start":{"line":21,"column":8},"end":{"line":21,"column":50}}],"line":19}},"s":{"0":1,"1":1,"2":2,"3":2,"4":2,"5":2,"6":2},"f":{"0":2},"b":{"0":[0,2],"1":[2,0]},"_coverageSchema":"1a1c01bbd47fc00a2c39e90264f33305004495a9","hash":"e111eb934cc793aaa2d0e44c16d37277fc34ad52"}
,"/Users/chroma/Projects/rn/studentqna/src/data/store/actions/appState.js": {"path":"/Users/chroma/Projects/rn/studentqna/src/data/store/actions/appState.js","statementMap":{"0":{"start":{"line":11,"column":25},"end":{"line":16,"column":1}},"1":{"start":{"line":12,"column":2},"end":{"line":15,"column":4}},"2":{"start":{"line":18,"column":29},"end":{"line":23,"column":1}},"3":{"start":{"line":19,"column":2},"end":{"line":22,"column":4}},"4":{"start":{"line":25,"column":24},"end":{"line":31,"column":1}},"5":{"start":{"line":26,"column":2},"end":{"line":30,"column":4}}},"fnMap":{"0":{"name":"(anonymous_0)","decl":{"start":{"line":11,"column":25},"end":{"line":11,"column":26}},"loc":{"start":{"line":11,"column":38},"end":{"line":16,"column":1}},"line":11},"1":{"name":"(anonymous_1)","decl":{"start":{"line":18,"column":29},"end":{"line":18,"column":30}},"loc":{"start":{"line":18,"column":42},"end":{"line":23,"column":1}},"line":18},"2":{"name":"(anonymous_2)","decl":{"start":{"line":25,"column":24},"end":{"line":25,"column":25}},"loc":{"start":{"line":25,"column":37},"end":{"line":31,"column":1}},"line":25}},"branchMap":{},"s":{"0":1,"1":0,"2":1,"3":0,"4":1,"5":0},"f":{"0":0,"1":0,"2":0},"b":{},"_coverageSchema":"1a1c01bbd47fc00a2c39e90264f33305004495a9","hash":"5a0e22788d50393401d5aaf60780976c6f3e6b97"}
,"/Users/chroma/Projects/rn/studentqna/src/data/store/actions/questions.js": {"path":"/Users/chroma/Projects/rn/studentqna/src/data/store/actions/questions.js","statementMap":{"0":{"start":{"line":11,"column":29},"end":{"line":16,"column":1}},"1":{"start":{"line":12,"column":2},"end":{"line":15,"column":4}},"2":{"start":{"line":18,"column":31},"end":{"line":23,"column":1}},"3":{"start":{"line":19,"column":2},"end":{"line":22,"column":4}}},"fnMap":{"0":{"name":"(anonymous_0)","decl":{"start":{"line":11,"column":29},"end":{"line":11,"column":30}},"loc":{"start":{"line":11,"column":38},"end":{"line":16,"column":1}},"line":11},"1":{"name":"(anonymous_1)","decl":{"start":{"line":18,"column":31},"end":{"line":18,"column":32}},"loc":{"start":{"line":18,"column":40},"end":{"line":23,"column":1}},"line":18}},"branchMap":{},"s":{"0":1,"1":0,"2":1,"3":2},"f":{"0":0,"1":2},"b":{},"_coverageSchema":"1a1c01bbd47fc00a2c39e90264f33305004495a9","hash":"e09c1eef56c5ebbe06337601ab7fc5f420af2e05"}
,"/Users/chroma/Projects/rn/studentqna/src/data/store/reducers/appStateReducer.js": {"path":"/Users/chroma/Projects/rn/studentqna/src/data/store/reducers/appStateReducer.js","statementMap":{"0":{"start":{"line":11,"column":21},"end":{"line":14,"column":1}},"1":{"start":{"line":17,"column":2},"end":{"line":33,"column":3}},"2":{"start":{"line":19,"column":6},"end":{"line":22,"column":8}},"3":{"start":{"line":25,"column":6},"end":{"line":28,"column":8}},"4":{"start":{"line":31,"column":6},"end":{"line":31,"column":19}}},"fnMap":{"0":{"name":"(anonymous_0)","decl":{"start":{"line":16,"column":15},"end":{"line":16,"column":16}},"loc":{"start":{"line":16,"column":49},"end":{"line":34,"column":1}},"line":16}},"branchMap":{"0":{"loc":{"start":{"line":16,"column":16},"end":{"line":16,"column":36}},"type":"default-arg","locations":[{"start":{"line":16,"column":24},"end":{"line":16,"column":36}}],"line":16},"1":{"loc":{"start":{"line":17,"column":2},"end":{"line":33,"column":3}},"type":"switch","locations":[{"start":{"line":18,"column":4},"end":{"line":23,"column":5}},{"start":{"line":24,"column":4},"end":{"line":29,"column":5}},{"start":{"line":30,"column":4},"end":{"line":32,"column":5}}],"line":17}},"s":{"0":1,"1":8,"2":0,"3":0,"4":8},"f":{"0":8},"b":{"0":[2],"1":[0,0,8]},"_coverageSchema":"1a1c01bbd47fc00a2c39e90264f33305004495a9","hash":"04366d5881f40ec35369c56b03c0eb42b2d70bbc"}
,"/Users/chroma/Projects/rn/studentqna/src/data/store/reducers/index.js": {"path":"/Users/chroma/Projects/rn/studentqna/src/data/store/reducers/index.js","statementMap":{"0":{"start":{"line":6,"column":20},"end":{"line":9,"column":2}}},"fnMap":{},"branchMap":{},"s":{"0":1},"f":{},"b":{},"_coverageSchema":"1a1c01bbd47fc00a2c39e90264f33305004495a9","hash":"a74387266f718a87deda041fa2d748cc7d4c5a47"}
,"/Users/chroma/Projects/rn/studentqna/src/data/store/reducers/questionsReducer.js": {"path":"/Users/chroma/Projects/rn/studentqna/src/data/store/reducers/questionsReducer.js","statementMap":{"0":{"start":{"line":11,"column":21},"end":{"line":14,"column":1}},"1":{"start":{"line":17,"column":2},"end":{"line":33,"column":3}},"2":{"start":{"line":19,"column":6},"end":{"line":22,"column":8}},"3":{"start":{"line":25,"column":6},"end":{"line":28,"column":8}},"4":{"start":{"line":31,"column":6},"end":{"line":31,"column":19}}},"fnMap":{"0":{"name":"(anonymous_0)","decl":{"start":{"line":16,"column":15},"end":{"line":16,"column":16}},"loc":{"start":{"line":16,"column":49},"end":{"line":34,"column":1}},"line":16}},"branchMap":{"0":{"loc":{"start":{"line":16,"column":16},"end":{"line":16,"column":36}},"type":"default-arg","locations":[{"start":{"line":16,"column":24},"end":{"line":16,"column":36}}],"line":16},"1":{"loc":{"start":{"line":17,"column":2},"end":{"line":33,"column":3}},"type":"switch","locations":[{"start":{"line":18,"column":4},"end":{"line":23,"column":5}},{"start":{"line":24,"column":4},"end":{"line":29,"column":5}},{"start":{"line":30,"column":4},"end":{"line":32,"column":5}}],"line":17}},"s":{"0":1,"1":8,"2":0,"3":2,"4":6},"f":{"0":8},"b":{"0":[2],"1":[0,2,6]},"_coverageSchema":"1a1c01bbd47fc00a2c39e90264f33305004495a9","hash":"54c0c17d42463f91733526bfc58bf468b1171b9a"}
,"/Users/chroma/Projects/rn/studentqna/src/data/store/sagas/index.js": {"path":"/Users/chroma/Projects/rn/studentqna/src/data/store/sagas/index.js","statementMap":{"0":{"start":{"line":9,"column":2},"end":{"line":13,"column":5}}},"fnMap":{"0":{"name":"rootSaga","decl":{"start":{"line":8,"column":17},"end":{"line":8,"column":25}},"loc":{"start":{"line":8,"column":28},"end":{"line":14,"column":1}},"line":8}},"branchMap":{},"s":{"0":2},"f":{"0":2},"b":{},"_coverageSchema":"1a1c01bbd47fc00a2c39e90264f33305004495a9","hash":"20774e1d09b5734800e2aef918a7561504688547"}
,"/Users/chroma/Projects/rn/studentqna/src/data/store/sagas/questionSagas.js": {"path":"/Users/chroma/Projects/rn/studentqna/src/data/store/sagas/questionSagas.js","statementMap":{"0":{"start":{"line":19,"column":33},"end":{"line":19,"column":39}},"1":{"start":{"line":24,"column":4},"end":{"line":24,"column":16}},"2":{"start":{"line":26,"column":13},"end":{"line":32,"column":1}},"3":{"start":{"line":35,"column":2},"end":{"line":35,"column":70}},"4":{"start":{"line":39,"column":2},"end":{"line":39,"column":70}},"5":{"start":{"line":43,"column":2},"end":{"line":43,"column":63}},"6":{"start":{"line":47,"column":23},"end":{"line":51,"column":3}},"7":{"start":{"line":53,"column":15},"end":{"line":53,"column":48}},"8":{"start":{"line":54,"column":2},"end":{"line":61,"column":3}},"9":{"start":{"line":55,"column":23},"end":{"line":55,"column":25}},"10":{"start":{"line":56,"column":4},"end":{"line":58,"column":6}},"11":{"start":{"line":57,"column":6},"end":{"line":57,"column":65}},"12":{"start":{"line":60,"column":4},"end":{"line":60,"column":43}},"13":{"start":{"line":65,"column":2},"end":{"line":69,"column":5}},"14":{"start":{"line":66,"column":19},"end":{"line":66,"column":33}},"15":{"start":{"line":67,"column":4},"end":{"line":67,"column":51}},"16":{"start":{"line":68,"column":4},"end":{"line":68,"column":20}},"17":{"start":{"line":78,"column":26},"end":{"line":78,"column":60}},"18":{"start":{"line":79,"column":17},"end":{"line":79,"column":72}},"19":{"start":{"line":80,"column":2},"end":{"line":83,"column":4}},"20":{"start":{"line":87,"column":23},"end":{"line":87,"column":49}},"21":{"start":{"line":88,"column":27},"end":{"line":93,"column":3}},"22":{"start":{"line":95,"column":25},"end":{"line":100,"column":3}},"23":{"start":{"line":102,"column":21},"end":{"line":102,"column":23}},"24":{"start":{"line":105,"column":20},"end":{"line":105,"column":57}},"25":{"start":{"line":106,"column":2},"end":{"line":108,"column":3}},"26":{"start":{"line":107,"column":4},"end":{"line":107,"column":58}},"27":{"start":{"line":110,"column":2},"end":{"line":116,"column":3}},"28":{"start":{"line":111,"column":4},"end":{"line":111,"column":52}},"29":{"start":{"line":112,"column":17},"end":{"line":112,"column":54}},"30":{"start":{"line":113,"column":4},"end":{"line":115,"column":5}},"31":{"start":{"line":114,"column":6},"end":{"line":114,"column":55}},"32":{"start":{"line":118,"column":2},"end":{"line":118,"column":62}},"33":{"start":{"line":119,"column":2},"end":{"line":119,"column":43}},"34":{"start":{"line":123,"column":2},"end":{"line":129,"column":3}},"35":{"start":{"line":124,"column":4},"end":{"line":124,"column":31}},"36":{"start":{"line":125,"column":17},"end":{"line":125,"column":65}},"37":{"start":{"line":126,"column":4},"end":{"line":126,"column":16}},"38":{"start":{"line":128,"column":4},"end":{"line":128,"column":33}},"39":{"start":{"line":133,"column":2},"end":{"line":133,"column":33}}},"fnMap":{"0":{"name":"fetchCategoryList","decl":{"start":{"line":34,"column":17},"end":{"line":34,"column":34}},"loc":{"start":{"line":34,"column":37},"end":{"line":36,"column":1}},"line":34},"1":{"name":"fetchQuestionList","decl":{"start":{"line":38,"column":17},"end":{"line":38,"column":34}},"loc":{"start":{"line":38,"column":37},"end":{"line":40,"column":1}},"line":38},"2":{"name":"resetQuestionList","decl":{"start":{"line":42,"column":17},"end":{"line":42,"column":34}},"loc":{"start":{"line":42,"column":37},"end":{"line":44,"column":1}},"line":42},"3":{"name":"callFetchDataForCategoryList","decl":{"start":{"line":46,"column":10},"end":{"line":46,"column":38}},"loc":{"start":{"line":46,"column":47},"end":{"line":62,"column":1}},"line":46},"4":{"name":"(anonymous_4)","decl":{"start":{"line":56,"column":31},"end":{"line":56,"column":32}},"loc":{"start":{"line":57,"column":6},"end":{"line":57,"column":65}},"line":57},"5":{"name":"parseRequestListToQuestionList","decl":{"start":{"line":64,"column":9},"end":{"line":64,"column":39}},"loc":{"start":{"line":64,"column":51},"end":{"line":70,"column":1}},"line":64},"6":{"name":"(anonymous_6)","decl":{"start":{"line":65,"column":18},"end":{"line":65,"column":19}},"loc":{"start":{"line":65,"column":29},"end":{"line":69,"column":3}},"line":65},"7":{"name":"getNeededRequestInfoForQuestion","decl":{"start":{"line":72,"column":9},"end":{"line":72,"column":40}},"loc":{"start":{"line":77,"column":2},"end":{"line":84,"column":1}},"line":77},"8":{"name":"callFetchDataForQuestionList","decl":{"start":{"line":86,"column":10},"end":{"line":86,"column":38}},"loc":{"start":{"line":86,"column":47},"end":{"line":120,"column":1}},"line":86},"9":{"name":"callFetchData","decl":{"start":{"line":122,"column":10},"end":{"line":122,"column":23}},"loc":{"start":{"line":122,"column":38},"end":{"line":130,"column":1}},"line":122},"10":{"name":"callResetQuestionList","decl":{"start":{"line":132,"column":10},"end":{"line":132,"column":31}},"loc":{"start":{"line":132,"column":40},"end":{"line":134,"column":1}},"line":132}},"branchMap":{"0":{"loc":{"start":{"line":54,"column":2},"end":{"line":61,"column":3}},"type":"if","locations":[{"start":{"line":54,"column":2},"end":{"line":61,"column":3}},{"start":{"line":54,"column":2},"end":{"line":61,"column":3}}],"line":54},"1":{"loc":{"start":{"line":54,"column":6},"end":{"line":54,"column":36}},"type":"binary-expr","locations":[{"start":{"line":54,"column":6},"end":{"line":54,"column":10}},{"start":{"line":54,"column":14},"end":{"line":54,"column":36}}],"line":54},"2":{"loc":{"start":{"line":64,"column":40},"end":{"line":64,"column":49}},"type":"default-arg","locations":[{"start":{"line":64,"column":47},"end":{"line":64,"column":49}}],"line":64},"3":{"loc":{"start":{"line":73,"column":2},"end":{"line":73,"column":14}},"type":"default-arg","locations":[{"start":{"line":73,"column":13},"end":{"line":73,"column":14}}],"line":73},"4":{"loc":{"start":{"line":74,"column":2},"end":{"line":74,"column":17}},"type":"default-arg","locations":[{"start":{"line":74,"column":15},"end":{"line":74,"column":17}}],"line":74},"5":{"loc":{"start":{"line":75,"column":2},"end":{"line":75,"column":12}},"type":"default-arg","locations":[{"start":{"line":75,"column":11},"end":{"line":75,"column":12}}],"line":75},"6":{"loc":{"start":{"line":76,"column":2},"end":{"line":76,"column":12}},"type":"default-arg","locations":[{"start":{"line":76,"column":9},"end":{"line":76,"column":12}}],"line":76},"7":{"loc":{"start":{"line":106,"column":2},"end":{"line":108,"column":3}},"type":"if","locations":[{"start":{"line":106,"column":2},"end":{"line":108,"column":3}},{"start":{"line":106,"column":2},"end":{"line":108,"column":3}}],"line":106},"8":{"loc":{"start":{"line":106,"column":6},"end":{"line":106,"column":36}},"type":"binary-expr","locations":[{"start":{"line":106,"column":6},"end":{"line":106,"column":15}},{"start":{"line":106,"column":19},"end":{"line":106,"column":36}}],"line":106},"9":{"loc":{"start":{"line":113,"column":4},"end":{"line":115,"column":5}},"type":"if","locations":[{"start":{"line":113,"column":4},"end":{"line":115,"column":5}},{"start":{"line":113,"column":4},"end":{"line":115,"column":5}}],"line":113},"10":{"loc":{"start":{"line":113,"column":8},"end":{"line":113,"column":28}},"type":"binary-expr","locations":[{"start":{"line":113,"column":8},"end":{"line":113,"column":12}},{"start":{"line":113,"column":16},"end":{"line":113,"column":28}}],"line":113}},"s":{"0":1,"1":1,"2":1,"3":2,"4":2,"5":2,"6":0,"7":0,"8":0,"9":0,"10":0,"11":0,"12":0,"13":0,"14":0,"15":0,"16":0,"17":0,"18":0,"19":0,"20":0,"21":0,"22":0,"23":0,"24":0,"25":0,"26":0,"27":0,"28":0,"29":0,"30":0,"31":0,"32":0,"33":0,"34":0,"35":0,"36":0,"37":0,"38":0,"39":2},"f":{"0":2,"1":2,"2":2,"3":0,"4":0,"5":0,"6":0,"7":0,"8":0,"9":0,"10":2},"b":{"0":[0,0],"1":[0,0],"2":[0],"3":[0],"4":[0],"5":[0],"6":[0],"7":[0,0],"8":[0,0],"9":[0,0],"10":[0,0]},"_coverageSchema":"1a1c01bbd47fc00a2c39e90264f33305004495a9","hash":"fb42edc311773bdc51aaec728b3e2ecea54dfabe"}
,"/Users/chroma/Projects/rn/studentqna/src/screens/index.js": {"path":"/Users/chroma/Projects/rn/studentqna/src/screens/index.js","statementMap":{},"fnMap":{},"branchMap":{},"s":{},"f":{},"b":{},"_coverageSchema":"1a1c01bbd47fc00a2c39e90264f33305004495a9","hash":"dd98da8bf7778f088aecf8f621805424366064de"}
,"/Users/chroma/Projects/rn/studentqna/src/screens/AssessmentScreen/index.js": {"path":"/Users/chroma/Projects/rn/studentqna/src/screens/AssessmentScreen/index.js","statementMap":{"0":{"start":{"line":23,"column":26},"end":{"line":28,"column":1}},"1":{"start":{"line":30,"column":25},"end":{"line":181,"column":1}},"2":{"start":{"line":32,"column":23},"end":{"line":32,"column":73}},"3":{"start":{"line":32,"column":44},"end":{"line":32,"column":72}},"4":{"start":{"line":33,"column":19},"end":{"line":33,"column":32}},"5":{"start":{"line":35,"column":47},"end":{"line":35,"column":65}},"6":{"start":{"line":37,"column":24},"end":{"line":37,"column":49}},"7":{"start":{"line":39,"column":38},"end":{"line":39,"column":64}},"8":{"start":{"line":41,"column":46},"end":{"line":41,"column":58}},"9":{"start":{"line":42,"column":46},"end":{"line":42,"column":57}},"10":{"start":{"line":43,"column":42},"end":{"line":43,"column":57}},"11":{"start":{"line":44,"column":38},"end":{"line":44,"column":53}},"12":{"start":{"line":45,"column":40},"end":{"line":45,"column":77}},"13":{"start":{"line":47,"column":36},"end":{"line":50,"column":4}},"14":{"start":{"line":51,"column":40},"end":{"line":53,"column":3}},"15":{"start":{"line":56,"column":2},"end":{"line":60,"column":9}},"16":{"start":{"line":57,"column":4},"end":{"line":59,"column":5}},"17":{"start":{"line":58,"column":6},"end":{"line":58,"column":67}},"18":{"start":{"line":63,"column":2},"end":{"line":72,"column":21}},"19":{"start":{"line":64,"column":4},"end":{"line":71,"column":5}},"20":{"start":{"line":65,"column":27},"end":{"line":65,"column":37}},"21":{"start":{"line":66,"column":6},"end":{"line":66,"column":55}},"22":{"start":{"line":67,"column":6},"end":{"line":67,"column":49}},"23":{"start":{"line":68,"column":6},"end":{"line":68,"column":47}},"24":{"start":{"line":69,"column":6},"end":{"line":69,"column":36}},"25":{"start":{"line":70,"column":6},"end":{"line":70,"column":27}},"26":{"start":{"line":74,"column":31},"end":{"line":81,"column":3}},"27":{"start":{"line":75,"column":19},"end":{"line":79,"column":5}},"28":{"start":{"line":80,"column":4},"end":{"line":80,"column":68}},"29":{"start":{"line":84,"column":28},"end":{"line":102,"column":3}},"30":{"start":{"line":85,"column":25},"end":{"line":85,"column":35}},"31":{"start":{"line":86,"column":19},"end":{"line":90,"column":5}},"32":{"start":{"line":92,"column":25},"end":{"line":92,"column":74}},"33":{"start":{"line":94,"column":4},"end":{"line":94,"column":43}},"34":{"start":{"line":95,"column":4},"end":{"line":95,"column":55}},"35":{"start":{"line":97,"column":4},"end":{"line":97,"column":58}},"36":{"start":{"line":98,"column":4},"end":{"line":98,"column":27}},"37":{"start":{"line":99,"column":4},"end":{"line":99,"column":25}},"38":{"start":{"line":100,"column":4},"end":{"line":100,"column":42}},"39":{"start":{"line":101,"column":4},"end":{"line":101,"column":34}},"40":{"start":{"line":104,"column":29},"end":{"line":119,"column":3}},"41":{"start":{"line":105,"column":25},"end":{"line":105,"column":35}},"42":{"start":{"line":106,"column":19},"end":{"line":110,"column":5}},"43":{"start":{"line":112,"column":4},"end":{"line":112,"column":43}},"44":{"start":{"line":113,"column":20},"end":{"line":113,"column":54}},"45":{"start":{"line":115,"column":4},"end":{"line":115,"column":58}},"46":{"start":{"line":116,"column":4},"end":{"line":116,"column":28}},"47":{"start":{"line":117,"column":4},"end":{"line":117,"column":25}},"48":{"start":{"line":118,"column":4},"end":{"line":118,"column":34}},"49":{"start":{"line":121,"column":24},"end":{"line":129,"column":3}},"50":{"start":{"line":122,"column":4},"end":{"line":127,"column":5}},"51":{"start":{"line":123,"column":6},"end":{"line":126,"column":9}},"52":{"start":{"line":128,"column":4},"end":{"line":128,"column":24}},"53":{"start":{"line":139,"column":6},"end":{"line":139,"column":23}},"54":{"start":{"line":141,"column":2},"end":{"line":180,"column":3}},"55":{"start":{"line":142,"column":4},"end":{"line":142,"column":23}},"56":{"start":{"line":143,"column":9},"end":{"line":180,"column":3}},"57":{"start":{"line":144,"column":4},"end":{"line":171,"column":6}},"58":{"start":{"line":151,"column":10},"end":{"line":151,"column":34}},"59":{"start":{"line":152,"column":10},"end":{"line":152,"column":30}},"60":{"start":{"line":173,"column":4},"end":{"line":179,"column":6}}},"fnMap":{"0":{"name":"(anonymous_0)","decl":{"start":{"line":30,"column":25},"end":{"line":30,"column":26}},"loc":{"start":{"line":30,"column":50},"end":{"line":181,"column":1}},"line":30},"1":{"name":"(anonymous_1)","decl":{"start":{"line":32,"column":35},"end":{"line":32,"column":36}},"loc":{"start":{"line":32,"column":44},"end":{"line":32,"column":72}},"line":32},"2":{"name":"(anonymous_2)","decl":{"start":{"line":56,"column":12},"end":{"line":56,"column":13}},"loc":{"start":{"line":56,"column":18},"end":{"line":60,"column":3}},"line":56},"3":{"name":"(anonymous_3)","decl":{"start":{"line":63,"column":12},"end":{"line":63,"column":13}},"loc":{"start":{"line":63,"column":18},"end":{"line":72,"column":3}},"line":63},"4":{"name":"(anonymous_4)","decl":{"start":{"line":74,"column":31},"end":{"line":74,"column":32}},"loc":{"start":{"line":74,"column":37},"end":{"line":81,"column":3}},"line":74},"5":{"name":"(anonymous_5)","decl":{"start":{"line":84,"column":28},"end":{"line":84,"column":29}},"loc":{"start":{"line":84,"column":34},"end":{"line":102,"column":3}},"line":84},"6":{"name":"(anonymous_6)","decl":{"start":{"line":104,"column":29},"end":{"line":104,"column":30}},"loc":{"start":{"line":104,"column":35},"end":{"line":119,"column":3}},"line":104},"7":{"name":"(anonymous_7)","decl":{"start":{"line":121,"column":24},"end":{"line":121,"column":25}},"loc":{"start":{"line":121,"column":30},"end":{"line":129,"column":3}},"line":121},"8":{"name":"(anonymous_8)","decl":{"start":{"line":150,"column":24},"end":{"line":150,"column":25}},"loc":{"start":{"line":150,"column":43},"end":{"line":153,"column":9}},"line":150}},"branchMap":{"0":{"loc":{"start":{"line":35,"column":9},"end":{"line":35,"column":22}},"type":"default-arg","locations":[{"start":{"line":35,"column":20},"end":{"line":35,"column":22}}],"line":35},"1":{"loc":{"start":{"line":35,"column":24},"end":{"line":35,"column":43}},"type":"default-arg","locations":[{"start":{"line":35,"column":39},"end":{"line":35,"column":43}}],"line":35},"2":{"loc":{"start":{"line":35,"column":47},"end":{"line":35,"column":65}},"type":"binary-expr","locations":[{"start":{"line":35,"column":47},"end":{"line":35,"column":59}},{"start":{"line":35,"column":63},"end":{"line":35,"column":65}}],"line":35},"3":{"loc":{"start":{"line":45,"column":49},"end":{"line":45,"column":76}},"type":"cond-expr","locations":[{"start":{"line":45,"column":64},"end":{"line":45,"column":68}},{"start":{"line":45,"column":71},"end":{"line":45,"column":76}}],"line":45},"4":{"loc":{"start":{"line":52,"column":4},"end":{"line":52,"column":59}},"type":"cond-expr","locations":[{"start":{"line":52,"column":19},"end":{"line":52,"column":39}},{"start":{"line":52,"column":42},"end":{"line":52,"column":59}}],"line":52},"5":{"loc":{"start":{"line":57,"column":4},"end":{"line":59,"column":5}},"type":"if","locations":[{"start":{"line":57,"column":4},"end":{"line":59,"column":5}},{"start":{"line":57,"column":4},"end":{"line":59,"column":5}}],"line":57},"6":{"loc":{"start":{"line":64,"column":4},"end":{"line":71,"column":5}},"type":"if","locations":[{"start":{"line":64,"column":4},"end":{"line":71,"column":5}},{"start":{"line":64,"column":4},"end":{"line":71,"column":5}}],"line":64},"7":{"loc":{"start":{"line":64,"column":8},"end":{"line":64,"column":40}},"type":"binary-expr","locations":[{"start":{"line":64,"column":8},"end":{"line":64,"column":22}},{"start":{"line":64,"column":26},"end":{"line":64,"column":40}}],"line":64},"8":{"loc":{"start":{"line":122,"column":4},"end":{"line":127,"column":5}},"type":"if","locations":[{"start":{"line":122,"column":4},"end":{"line":127,"column":5}},{"start":{"line":122,"column":4},"end":{"line":127,"column":5}}],"line":122},"9":{"loc":{"start":{"line":141,"column":2},"end":{"line":180,"column":3}},"type":"if","locations":[{"start":{"line":141,"column":2},"end":{"line":180,"column":3}},{"start":{"line":141,"column":2},"end":{"line":180,"column":3}}],"line":141},"10":{"loc":{"start":{"line":143,"column":9},"end":{"line":180,"column":3}},"type":"if","locations":[{"start":{"line":143,"column":9},"end":{"line":180,"column":3}},{"start":{"line":143,"column":9},"end":{"line":180,"column":3}}],"line":143},"11":{"loc":{"start":{"line":156,"column":10},"end":{"line":158,"column":23}},"type":"cond-expr","locations":[{"start":{"line":157,"column":14},"end":{"line":157,"column":29}},{"start":{"line":158,"column":14},"end":{"line":158,"column":23}}],"line":156},"12":{"loc":{"start":{"line":163,"column":10},"end":{"line":165,"column":32}},"type":"cond-expr","locations":[{"start":{"line":164,"column":14},"end":{"line":164,"column":31}},{"start":{"line":165,"column":14},"end":{"line":165,"column":32}}],"line":163}},"s":{"0":1,"1":1,"2":0,"3":0,"4":0,"5":0,"6":0,"7":0,"8":0,"9":0,"10":0,"11":0,"12":0,"13":0,"14":0,"15":0,"16":0,"17":0,"18":0,"19":0,"20":0,"21":0,"22":0,"23":0,"24":0,"25":0,"26":0,"27":0,"28":0,"29":0,"30":0,"31":0,"32":0,"33":0,"34":0,"35":0,"36":0,"37":0,"38":0,"39":0,"40":0,"41":0,"42":0,"43":0,"44":0,"45":0,"46":0,"47":0,"48":0,"49":0,"50":0,"51":0,"52":0,"53":0,"54":0,"55":0,"56":0,"57":0,"58":0,"59":0,"60":0},"f":{"0":0,"1":0,"2":0,"3":0,"4":0,"5":0,"6":0,"7":0,"8":0},"b":{"0":[0],"1":[0],"2":[0,0],"3":[0,0],"4":[0,0],"5":[0,0],"6":[0,0],"7":[0,0],"8":[0,0],"9":[0,0],"10":[0,0],"11":[0,0],"12":[0,0]},"_coverageSchema":"1a1c01bbd47fc00a2c39e90264f33305004495a9","hash":"4660eb92b446513a0612c849bc31c459b63783e9"}
,"/Users/chroma/Projects/rn/studentqna/src/screens/Home/index.js": {"path":"/Users/chroma/Projects/rn/studentqna/src/screens/Home/index.js","statementMap":{"0":{"start":{"line":18,"column":23},"end":{"line":21,"column":1}},"1":{"start":{"line":19,"column":23},"end":{"line":19,"column":76}},"2":{"start":{"line":20,"column":2},"end":{"line":20,"column":62}},"3":{"start":{"line":23,"column":13},"end":{"line":40,"column":1}},"4":{"start":{"line":24,"column":23},"end":{"line":24,"column":73}},"5":{"start":{"line":24,"column":44},"end":{"line":24,"column":72}},"6":{"start":{"line":25,"column":19},"end":{"line":25,"column":32}},"7":{"start":{"line":27,"column":2},"end":{"line":29,"column":5}},"8":{"start":{"line":28,"column":4},"end":{"line":28,"column":55}},"9":{"start":{"line":31,"column":2},"end":{"line":39,"column":4}},"10":{"start":{"line":36,"column":8},"end":{"line":36,"column":47}}},"fnMap":{"0":{"name":"(anonymous_0)","decl":{"start":{"line":18,"column":23},"end":{"line":18,"column":24}},"loc":{"start":{"line":18,"column":62},"end":{"line":21,"column":1}},"line":18},"1":{"name":"(anonymous_1)","decl":{"start":{"line":23,"column":13},"end":{"line":23,"column":14}},"loc":{"start":{"line":23,"column":31},"end":{"line":40,"column":1}},"line":23},"2":{"name":"(anonymous_2)","decl":{"start":{"line":24,"column":35},"end":{"line":24,"column":36}},"loc":{"start":{"line":24,"column":44},"end":{"line":24,"column":72}},"line":24},"3":{"name":"(anonymous_3)","decl":{"start":{"line":27,"column":17},"end":{"line":27,"column":18}},"loc":{"start":{"line":27,"column":23},"end":{"line":29,"column":3}},"line":27},"4":{"name":"(anonymous_4)","decl":{"start":{"line":35,"column":22},"end":{"line":35,"column":23}},"loc":{"start":{"line":36,"column":8},"end":{"line":36,"column":47}},"line":36}},"branchMap":{},"s":{"0":1,"1":1,"2":1,"3":1,"4":2,"5":8,"6":2,"7":2,"8":2,"9":2,"10":1},"f":{"0":1,"1":2,"2":8,"3":2,"4":1},"b":{},"_coverageSchema":"1a1c01bbd47fc00a2c39e90264f33305004495a9","hash":"0fe3db9733de7657b89bfdf0bc96013dd4d5d28e"}
,"/Users/chroma/Projects/rn/studentqna/test-utils/mockedNavigator.js": {"path":"/Users/chroma/Projects/rn/studentqna/test-utils/mockedNavigator.js","statementMap":{"0":{"start":{"line":5,"column":26},"end":{"line":5,"column":47}},"1":{"start":{"line":7,"column":14},"end":{"line":7,"column":36}},"2":{"start":{"line":8,"column":24},"end":{"line":18,"column":1}},"3":{"start":{"line":9,"column":2},"end":{"line":17,"column":4}},"4":{"start":{"line":13,"column":20},"end":{"line":13,"column":57}}},"fnMap":{"0":{"name":"(anonymous_0)","decl":{"start":{"line":8,"column":24},"end":{"line":8,"column":25}},"loc":{"start":{"line":8,"column":54},"end":{"line":18,"column":1}},"line":8},"1":{"name":"(anonymous_1)","decl":{"start":{"line":13,"column":11},"end":{"line":13,"column":12}},"loc":{"start":{"line":13,"column":20},"end":{"line":13,"column":57}},"line":13}},"branchMap":{"0":{"loc":{"start":{"line":8,"column":37},"end":{"line":8,"column":48}},"type":"default-arg","locations":[{"start":{"line":8,"column":46},"end":{"line":8,"column":48}}],"line":8}},"s":{"0":1,"1":1,"2":1,"3":2,"4":2},"f":{"0":2,"1":2},"b":{"0":[2]},"_coverageSchema":"1a1c01bbd47fc00a2c39e90264f33305004495a9","hash":"a20b29ebc519f1508ec36c966ba55c4ea4651c7c"}
,"/Users/chroma/Projects/rn/studentqna/test-utils/render.js": {"path":"/Users/chroma/Projects/rn/studentqna/test-utils/render.js","statementMap":{"0":{"start":{"line":6,"column":14},"end":{"line":6,"column":25}},"1":{"start":{"line":8,"column":28},"end":{"line":10,"column":1}},"2":{"start":{"line":9,"column":2},"end":{"line":9,"column":68}},"3":{"start":{"line":12,"column":21},"end":{"line":15,"column":1}},"4":{"start":{"line":13,"column":2},"end":{"line":13,"column":44}},"5":{"start":{"line":14,"column":2},"end":{"line":14,"column":64}}},"fnMap":{"0":{"name":"(anonymous_0)","decl":{"start":{"line":8,"column":28},"end":{"line":8,"column":29}},"loc":{"start":{"line":8,"column":44},"end":{"line":10,"column":1}},"line":8},"1":{"name":"(anonymous_1)","decl":{"start":{"line":12,"column":21},"end":{"line":12,"column":22}},"loc":{"start":{"line":12,"column":38},"end":{"line":15,"column":1}},"line":12}},"branchMap":{},"s":{"0":1,"1":1,"2":2,"3":1,"4":2,"5":2},"f":{"0":2,"1":2},"b":{},"_coverageSchema":"1a1c01bbd47fc00a2c39e90264f33305004495a9","hash":"df5b0884801c8a8cfd2361ad21ebb2a90cafdbce"}
}
