{"/Users/chroma/Projects/rn/studentqna/src/components/atoms/Button/index.js": {"path":"/Users/chroma/Projects/rn/studentqna/src/components/atoms/Button/index.js","statementMap":{"0":{"start":{"line":14,"column":15},"end":{"line":28,"column":1}},"1":{"start":{"line":15,"column":17},"end":{"line":15,"column":35}},"2":{"start":{"line":16,"column":2},"end":{"line":27,"column":4}},"3":{"start":{"line":18,"column":28},"end":{"line":22,"column":7}},"4":{"start":{"line":30,"column":0},"end":{"line":34,"column":2}},"5":{"start":{"line":36,"column":0},"end":{"line":40,"column":2}},"6":{"start":{"line":39,"column":17},"end":{"line":39,"column":46}}},"fnMap":{"0":{"name":"(anonymous_0)","decl":{"start":{"line":14,"column":15},"end":{"line":14,"column":16}},"loc":{"start":{"line":14,"column":59},"end":{"line":28,"column":1}},"line":14},"1":{"name":"(anonymous_1)","decl":{"start":{"line":18,"column":13},"end":{"line":18,"column":14}},"loc":{"start":{"line":18,"column":28},"end":{"line":22,"column":7}},"line":18},"2":{"name":"(anonymous_2)","decl":{"start":{"line":39,"column":11},"end":{"line":39,"column":12}},"loc":{"start":{"line":39,"column":17},"end":{"line":39,"column":46}},"line":39}},"branchMap":{"0":{"loc":{"start":{"line":21,"column":8},"end":{"line":21,"column":33}},"type":"binary-expr","locations":[{"start":{"line":21,"column":8},"end":{"line":21,"column":15}},{"start":{"line":21,"column":19},"end":{"line":21,"column":33}}],"line":21}},"s":{"0":2,"1":3,"2":3,"3":3,"4":2,"5":2,"6":0},"f":{"0":3,"1":3,"2":0},"b":{"0":[3,0]},"_coverageSchema":"1a1c01bbd47fc00a2c39e90264f33305004495a9","hash":"5f86aec0087bcf58cbd0a1239daa11c5e69a3c50"}
}
