TN:
SF:src/assets/constants/AssessmentStrings.js
FNF:0
FNH:0
LF:0
LH:0
BRF:0
BRH:0
end_of_record
TN:
SF:src/assets/constants/HomeStrings.js
FNF:0
FNH:0
LF:0
LH:0
BRF:0
BRH:0
end_of_record
TN:
SF:src/assets/constants/ReduxActions.js
FNF:0
FNH:0
LF:0
LH:0
BRF:0
BRH:0
end_of_record
TN:
SF:src/assets/constants/StorageKeys.js
FNF:0
FNH:0
LF:0
LH:0
BRF:0
BRH:0
end_of_record
TN:
SF:src/assets/constants/System.js
FNF:0
FNH:0
LF:0
LH:0
BRF:0
BRH:0
end_of_record
TN:
SF:src/assets/constants/index.js
FNF:0
FNH:0
LF:0
LH:0
BRF:0
BRH:0
end_of_record
TN:
SF:src/assets/styles/colors.js
FNF:0
FNH:0
DA:9,16
DA:10,16
DA:11,16
LF:3
LH:3
BRF:0
BRH:0
end_of_record
TN:
SF:src/assets/styles/helpers.js
FN:24,(anonymous_0)
FNF:1
FNH:1
FNDA:91,(anonymous_0)
DA:11,16
DA:16,16
DA:24,16
DA:25,91
DA:26,91
DA:27,91
DA:29,0
LF:7
LH:6
BRDA:24,0,0,0
BRDA:26,1,0,91
BRDA:26,1,1,0
BRF:3
BRH:1
end_of_record
TN:
SF:src/assets/styles/index.js
FNF:0
FNH:0
DA:4,16
LF:1
LH:1
BRF:0
BRH:0
end_of_record
TN:
SF:src/components/atoms/index.js
FNF:0
FNH:0
LF:0
LH:0
BRF:0
BRH:0
end_of_record
TN:
SF:src/components/atoms/Button/index.js
FN:14,(anonymous_0)
FN:18,(anonymous_1)
FN:39,(anonymous_2)
FNF:3
FNH:2
FNDA:23,(anonymous_0)
FNDA:23,(anonymous_1)
FNDA:0,(anonymous_2)
DA:14,16
DA:15,23
DA:16,23
DA:18,23
DA:30,16
DA:36,16
DA:39,0
LF:7
LH:6
BRDA:21,0,0,23
BRDA:21,0,1,0
BRF:2
BRH:1
end_of_record
TN:
SF:src/components/atoms/Button/selectStyles.js
FN:58,(anonymous_0)
FNF:1
FNH:1
FNDA:23,(anonymous_0)
DA:12,16
DA:29,16
DA:58,23
LF:3
LH:3
BRDA:58,0,0,0
BRF:1
BRH:0
end_of_record
TN:
SF:src/components/atoms/Card/index.js
FN:14,(anonymous_0)
FNF:1
FNH:1
FNDA:92,(anonymous_0)
DA:14,16
DA:15,92
LF:2
LH:2
BRF:0
BRH:0
end_of_record
TN:
SF:src/components/atoms/Card/styles.js
FNF:0
FNH:0
DA:12,16
LF:1
LH:1
BRF:0
BRH:0
end_of_record
TN:
SF:src/components/atoms/Description/index.js
FN:14,(anonymous_0)
FNF:1
FNH:1
FNDA:94,(anonymous_0)
DA:14,16
DA:15,94
DA:20,16
LF:3
LH:3
BRF:0
BRH:0
end_of_record
TN:
SF:src/components/atoms/DifficultyIndicator/index.js
FN:22,(anonymous_0)
FN:37,(anonymous_1)
FNF:2
FNH:2
FNDA:15,(anonymous_0)
FNDA:15,(anonymous_1)
DA:16,16
DA:22,16
DA:23,15
DA:24,15
DA:25,45
DA:34,15
DA:37,16
DA:38,15
DA:39,15
DA:47,16
DA:52,16
DA:59,16
LF:12
LH:12
BRDA:29,0,0,24
BRDA:29,0,1,21
BRF:2
BRH:2
end_of_record
TN:
SF:src/components/atoms/Icon/index.js
FN:14,(anonymous_0)
FNF:1
FNH:1
FNDA:57,(anonymous_0)
DA:14,16
DA:15,57
DA:18,16
DA:24,16
LF:4
LH:4
BRF:0
BRH:0
end_of_record
TN:
SF:src/components/atoms/IfElse/index.js
FN:13,(anonymous_0)
FNF:1
FNH:1
FNDA:11,(anonymous_0)
DA:13,16
DA:14,11
DA:15,3
DA:17,8
DA:20,16
DA:26,16
LF:6
LH:6
BRDA:14,0,0,3
BRDA:14,0,1,8
BRF:2
BRH:2
end_of_record
TN:
SF:src/components/atoms/Spinner/index.js
FN:14,(anonymous_0)
FNF:1
FNH:1
FNDA:1,(anonymous_0)
DA:14,16
DA:15,1
DA:24,16
LF:3
LH:3
BRF:0
BRH:0
end_of_record
TN:
SF:src/components/atoms/Title/index.js
FN:21,(anonymous_0)
FNF:1
FNH:1
FNDA:32,(anonymous_0)
DA:15,16
DA:21,16
DA:22,32
DA:29,16
DA:33,16
DA:39,16
LF:6
LH:6
BRF:0
BRH:0
end_of_record
TN:
SF:src/components/molecules/index.js
FNF:0
FNH:0
LF:0
LH:0
BRF:0
BRH:0
end_of_record
TN:
SF:src/components/molecules/QuestionDetails/index.js
FN:15,(anonymous_0)
FNF:1
FNH:1
FNDA:12,(anonymous_0)
DA:15,8
DA:16,12
DA:29,8
DA:35,8
DA:43,8
LF:5
LH:5
BRF:0
BRH:0
end_of_record
TN:
SF:src/components/molecules/QuestionResult/index.js
FN:20,(anonymous_0)
FNF:1
FNH:1
FNDA:11,(anonymous_0)
DA:20,8
DA:21,11
DA:22,11
DA:28,11
DA:38,8
DA:44,8
LF:6
LH:6
BRDA:21,0,0,3
BRDA:21,0,1,8
BRDA:23,1,0,3
BRDA:23,1,1,8
BRDA:24,2,0,3
BRDA:24,2,1,8
BRDA:32,3,0,3
BRDA:32,3,1,8
BRF:8
BRH:8
end_of_record
TN:
SF:src/components/molecules/QuestionResult/selectStyles.js
FN:42,(anonymous_0)
FNF:1
FNH:1
FNDA:11,(anonymous_0)
DA:12,8
DA:25,8
DA:42,11
LF:3
LH:3
BRDA:42,0,0,0
BRF:1
BRH:0
end_of_record
TN:
SF:src/components/molecules/RadioCard/index.js
FN:19,(anonymous_0)
FN:38,(anonymous_1)
FNF:2
FNH:1
FNDA:79,(anonymous_0)
FNDA:0,(anonymous_1)
DA:19,8
DA:20,79
DA:29,8
DA:35,8
DA:38,0
DA:43,8
LF:6
LH:5
BRDA:22,0,0,79
BRDA:22,0,1,9
BRF:2
BRH:2
end_of_record
TN:
SF:src/components/organisms/index.js
FNF:0
FNH:0
LF:0
LH:0
BRF:0
BRH:0
end_of_record
TN:
SF:src/components/organisms/AnswersList/index.js
FN:15,(anonymous_0)
FN:19,(anonymous_1)
FN:23,(anonymous_2)
FN:41,(anonymous_3)
FNF:4
FNH:3
FNDA:19,(anonymous_0)
FNDA:76,(anonymous_1)
FNDA:8,(anonymous_2)
FNDA:0,(anonymous_3)
DA:15,5
DA:16,19
DA:17,19
DA:20,76
DA:24,8
DA:25,8
DA:35,5
DA:40,5
DA:41,0
DA:46,5
LF:10
LH:9
BRF:0
BRH:0
end_of_record
TN:
SF:src/components/organisms/CategoryList/index.js
FN:15,(anonymous_0)
FN:18,(anonymous_1)
FN:22,(anonymous_2)
FN:36,(anonymous_3)
FNF:4
FNH:3
FNDA:4,(anonymous_0)
FNDA:16,(anonymous_1)
FNDA:8,(anonymous_2)
FNDA:0,(anonymous_3)
DA:15,5
DA:16,4
DA:19,16
DA:22,8
DA:30,5
DA:35,5
DA:36,0
DA:41,5
LF:8
LH:7
BRF:0
BRH:0
end_of_record
TN:
SF:src/components/templates/index.js
FNF:0
FNH:0
LF:0
LH:0
BRF:0
BRH:0
end_of_record
TN:
SF:src/components/templates/AssessmentResultTemplate/index.js
FN:19,(anonymous_0)
FN:27,(anonymous_1)
FNF:2
FNH:2
FNDA:8,(anonymous_0)
FNDA:2,(anonymous_1)
DA:19,3
DA:20,8
DA:21,8
DA:22,16
DA:24,8
DA:27,3
DA:28,2
DA:29,2
DA:60,3
DA:68,3
LF:10
LH:10
BRDA:19,0,0,0
BRDA:19,1,0,0
BRF:2
BRH:0
end_of_record
TN:
SF:src/components/templates/AssessmentTemplate/index.js
FN:18,(anonymous_0)
FNF:1
FNH:1
FNDA:9,(anonymous_0)
DA:18,3
DA:33,9
DA:70,3
DA:88,3
LF:4
LH:4
BRF:0
BRH:0
end_of_record
TN:
SF:src/components/templates/HomeTemplate/index.js
FN:17,(anonymous_0)
FNF:1
FNH:1
FNDA:2,(anonymous_0)
DA:17,3
DA:18,2
DA:28,3
DA:36,3
LF:4
LH:4
BRF:0
BRH:0
end_of_record
