TN:
SF:src/assets/constants/AssessmentStrings.js
FNF:0
FNH:0
LF:0
LH:0
BRF:0
BRH:0
end_of_record
TN:
SF:src/assets/constants/HomeStrings.js
FNF:0
FNH:0
LF:0
LH:0
BRF:0
BRH:0
end_of_record
TN:
SF:src/assets/constants/ReduxActions.js
FNF:0
FNH:0
LF:0
LH:0
BRF:0
BRH:0
end_of_record
TN:
SF:src/assets/constants/StorageKeys.js
FNF:0
FNH:0
LF:0
LH:0
BRF:0
BRH:0
end_of_record
TN:
SF:src/assets/constants/System.js
FNF:0
FNH:0
LF:0
LH:0
BRF:0
BRH:0
end_of_record
TN:
SF:src/assets/constants/index.js
FNF:0
FNH:0
LF:0
LH:0
BRF:0
BRH:0
end_of_record
TN:
SF:src/assets/styles/colors.js
FNF:0
FNH:0
DA:9,17
DA:10,17
DA:11,17
LF:3
LH:3
BRF:0
BRH:0
end_of_record
TN:
SF:src/assets/styles/helpers.js
FN:24,(anonymous_0)
FNF:1
FNH:1
FNDA:96,(anonymous_0)
DA:11,17
DA:16,17
DA:24,17
DA:25,96
DA:26,96
DA:27,96
DA:29,0
LF:7
LH:6
BRDA:24,0,0,0
BRDA:26,1,0,96
BRDA:26,1,1,0
BRF:3
BRH:1
end_of_record
TN:
SF:src/assets/styles/index.js
FNF:0
FNH:0
DA:4,17
LF:1
LH:1
BRF:0
BRH:0
end_of_record
TN:
SF:src/components/atoms/index.js
FNF:0
FNH:0
LF:0
LH:0
BRF:0
BRH:0
end_of_record
TN:
SF:src/components/atoms/Button/index.js
FN:14,(anonymous_0)
FN:18,(anonymous_1)
FN:39,(anonymous_2)
FNF:3
FNH:2
FNDA:29,(anonymous_0)
FNDA:29,(anonymous_1)
FNDA:0,(anonymous_2)
DA:14,17
DA:15,29
DA:16,29
DA:18,29
DA:30,17
DA:36,17
DA:39,0
LF:7
LH:6
BRDA:21,0,0,29
BRDA:21,0,1,0
BRF:2
BRH:1
end_of_record
TN:
SF:src/components/atoms/Button/selectStyles.js
FN:58,(anonymous_0)
FNF:1
FNH:1
FNDA:29,(anonymous_0)
DA:12,17
DA:29,17
DA:58,29
LF:3
LH:3
BRDA:58,0,0,0
BRF:1
BRH:0
end_of_record
TN:
SF:src/components/atoms/Card/index.js
FN:14,(anonymous_0)
FNF:1
FNH:1
FNDA:92,(anonymous_0)
DA:14,17
DA:15,92
LF:2
LH:2
BRF:0
BRH:0
end_of_record
TN:
SF:src/components/atoms/Card/styles.js
FNF:0
FNH:0
DA:12,17
LF:1
LH:1
BRF:0
BRH:0
end_of_record
TN:
SF:src/components/atoms/Description/index.js
FN:14,(anonymous_0)
FNF:1
FNH:1
FNDA:94,(anonymous_0)
DA:14,17
DA:15,94
DA:20,17
LF:3
LH:3
BRF:0
BRH:0
end_of_record
TN:
SF:src/components/atoms/DifficultyIndicator/index.js
FN:22,(anonymous_0)
FN:37,(anonymous_1)
FNF:2
FNH:2
FNDA:15,(anonymous_0)
FNDA:15,(anonymous_1)
DA:16,17
DA:22,17
DA:23,15
DA:24,15
DA:25,45
DA:34,15
DA:37,17
DA:38,15
DA:39,15
DA:47,17
DA:52,17
DA:59,17
LF:12
LH:12
BRDA:29,0,0,24
BRDA:29,0,1,21
BRF:2
BRH:2
end_of_record
TN:
SF:src/components/atoms/Icon/index.js
FN:14,(anonymous_0)
FNF:1
FNH:1
FNDA:57,(anonymous_0)
DA:14,17
DA:15,57
DA:18,17
DA:24,17
LF:4
LH:4
BRF:0
BRH:0
end_of_record
TN:
SF:src/components/atoms/IfElse/index.js
FN:13,(anonymous_0)
FNF:1
FNH:1
FNDA:11,(anonymous_0)
DA:13,17
DA:14,11
DA:15,3
DA:17,8
DA:20,17
DA:26,17
LF:6
LH:6
BRDA:14,0,0,3
BRDA:14,0,1,8
BRF:2
BRH:2
end_of_record
TN:
SF:src/components/atoms/Spinner/index.js
FN:14,(anonymous_0)
FNF:1
FNH:1
FNDA:1,(anonymous_0)
DA:14,17
DA:15,1
DA:24,17
LF:3
LH:3
BRF:0
BRH:0
end_of_record
TN:
SF:src/components/atoms/Title/index.js
FN:21,(anonymous_0)
FNF:1
FNH:1
FNDA:34,(anonymous_0)
DA:15,17
DA:21,17
DA:22,34
DA:29,17
DA:33,17
DA:39,17
LF:6
LH:6
BRF:0
BRH:0
end_of_record
TN:
SF:src/components/molecules/index.js
FNF:0
FNH:0
LF:0
LH:0
BRF:0
BRH:0
end_of_record
TN:
SF:src/components/molecules/QuestionDetails/index.js
FN:15,(anonymous_0)
FNF:1
FNH:1
FNDA:12,(anonymous_0)
DA:15,9
DA:16,12
DA:29,9
DA:35,9
DA:43,9
LF:5
LH:5
BRF:0
BRH:0
end_of_record
TN:
SF:src/components/molecules/QuestionResult/index.js
FN:20,(anonymous_0)
FNF:1
FNH:1
FNDA:11,(anonymous_0)
DA:20,9
DA:21,11
DA:22,11
DA:28,11
DA:38,9
DA:44,9
LF:6
LH:6
BRDA:21,0,0,3
BRDA:21,0,1,8
BRDA:23,1,0,3
BRDA:23,1,1,8
BRDA:24,2,0,3
BRDA:24,2,1,8
BRDA:32,3,0,3
BRDA:32,3,1,8
BRF:8
BRH:8
end_of_record
TN:
SF:src/components/molecules/QuestionResult/selectStyles.js
FN:42,(anonymous_0)
FNF:1
FNH:1
FNDA:11,(anonymous_0)
DA:12,9
DA:25,9
DA:42,11
LF:3
LH:3
BRDA:42,0,0,0
BRF:1
BRH:0
end_of_record
TN:
SF:src/components/molecules/RadioCard/index.js
FN:19,(anonymous_0)
FN:38,(anonymous_1)
FNF:2
FNH:1
FNDA:79,(anonymous_0)
FNDA:0,(anonymous_1)
DA:19,9
DA:20,79
DA:29,9
DA:35,9
DA:38,0
DA:43,9
LF:6
LH:5
BRDA:22,0,0,79
BRDA:22,0,1,9
BRF:2
BRH:2
end_of_record
TN:
SF:src/components/organisms/index.js
FNF:0
FNH:0
LF:0
LH:0
BRF:0
BRH:0
end_of_record
TN:
SF:src/components/organisms/AnswersList/index.js
FN:15,(anonymous_0)
FN:19,(anonymous_1)
FN:23,(anonymous_2)
FN:41,(anonymous_3)
FNF:4
FNH:3
FNDA:19,(anonymous_0)
FNDA:76,(anonymous_1)
FNDA:8,(anonymous_2)
FNDA:0,(anonymous_3)
DA:15,6
DA:16,19
DA:17,19
DA:20,76
DA:24,8
DA:25,8
DA:35,6
DA:40,6
DA:41,0
DA:46,6
LF:10
LH:9
BRF:0
BRH:0
end_of_record
TN:
SF:src/components/organisms/CategoryList/index.js
FN:15,(anonymous_0)
FN:18,(anonymous_1)
FN:22,(anonymous_2)
FN:36,(anonymous_3)
FNF:4
FNH:3
FNDA:6,(anonymous_0)
FNDA:22,(anonymous_1)
FNDA:9,(anonymous_2)
FNDA:0,(anonymous_3)
DA:15,6
DA:16,6
DA:19,22
DA:22,9
DA:30,6
DA:35,6
DA:36,0
DA:41,6
LF:8
LH:7
BRF:0
BRH:0
end_of_record
TN:
SF:src/components/templates/index.js
FNF:0
FNH:0
LF:0
LH:0
BRF:0
BRH:0
end_of_record
TN:
SF:src/components/templates/AssessmentResultTemplate/index.js
FN:19,(anonymous_0)
FN:27,(anonymous_1)
FNF:2
FNH:2
FNDA:8,(anonymous_0)
FNDA:2,(anonymous_1)
DA:19,4
DA:20,8
DA:21,8
DA:22,16
DA:24,8
DA:27,4
DA:28,2
DA:29,2
DA:60,4
DA:68,4
LF:10
LH:10
BRDA:19,0,0,0
BRDA:19,1,0,0
BRF:2
BRH:0
end_of_record
TN:
SF:src/components/templates/AssessmentTemplate/index.js
FN:18,(anonymous_0)
FNF:1
FNH:1
FNDA:9,(anonymous_0)
DA:18,4
DA:33,9
DA:70,4
DA:88,4
LF:4
LH:4
BRF:0
BRH:0
end_of_record
TN:
SF:src/components/templates/HomeTemplate/index.js
FN:17,(anonymous_0)
FNF:1
FNH:1
FNDA:4,(anonymous_0)
DA:17,4
DA:18,4
DA:28,4
DA:36,4
LF:4
LH:4
BRF:0
BRH:0
end_of_record
TN:
SF:src/data/model/AsyncHandler.js
FN:16,(anonymous_0)
FN:21,(anonymous_1)
FN:31,(anonymous_2)
FN:35,(anonymous_3)
FNF:4
FNH:0
FNDA:0,(anonymous_0)
FNDA:0,(anonymous_1)
FNDA:0,(anonymous_2)
FNDA:0,(anonymous_3)
DA:16,1
DA:17,0
DA:18,0
DA:20,0
DA:22,0
DA:23,0
DA:28,0
DA:31,1
DA:37,0
DA:38,0
DA:39,0
DA:40,0
DA:41,0
DA:43,0
LF:14
LH:2
BRDA:17,0,0,0
BRDA:17,0,1,0
BRDA:22,1,0,0
BRDA:22,1,1,0
BRDA:32,2,0,0
BRDA:33,3,0,0
BRDA:34,4,0,0
BRDA:35,5,0,0
BRF:8
BRH:0
end_of_record
TN:
SF:src/data/model/Category.js
FN:13,(anonymous_0)
FNF:1
FNH:0
FNDA:0,(anonymous_0)
DA:10,0
DA:11,0
DA:14,0
DA:15,0
LF:4
LH:0
BRDA:13,0,0,0
BRDA:13,1,0,0
BRF:2
BRH:0
end_of_record
TN:
SF:src/data/model/Question.js
FN:17,(anonymous_0)
FN:33,(anonymous_1)
FN:37,(anonymous_2)
FN:47,(anonymous_3)
FN:55,(anonymous_4)
FNF:5
FNH:0
FNDA:0,(anonymous_0)
FNDA:0,(anonymous_1)
FNDA:0,(anonymous_2)
FNDA:0,(anonymous_3)
FNDA:0,(anonymous_4)
DA:10,0
DA:11,0
DA:12,0
DA:13,0
DA:14,0
DA:15,0
DA:25,0
DA:26,0
DA:27,0
DA:28,0
DA:29,0
DA:30,0
DA:33,0
DA:34,0
DA:37,0
DA:45,0
DA:46,0
DA:47,0
DA:48,0
DA:50,0
DA:51,0
DA:52,0
DA:53,0
DA:54,0
DA:55,0
DA:56,0
LF:26
LH:0
BRDA:18,0,0,0
BRDA:19,1,0,0
BRDA:20,2,0,0
BRDA:21,3,0,0
BRDA:22,4,0,0
BRDA:23,5,0,0
BRDA:33,6,0,0
BRDA:37,7,0,0
BRDA:39,8,0,0
BRDA:40,9,0,0
BRDA:41,10,0,0
BRDA:42,11,0,0
BRDA:43,12,0,0
BRDA:44,13,0,0
BRF:14
BRH:0
end_of_record
TN:
SF:src/data/model/Result.js
FN:16,(anonymous_0)
FNF:1
FNH:0
FNDA:0,(anonymous_0)
DA:10,0
DA:11,0
DA:12,0
DA:13,0
DA:14,0
DA:22,0
DA:23,0
DA:24,0
DA:25,0
DA:26,0
LF:10
LH:0
BRDA:17,0,0,0
BRDA:18,1,0,0
BRDA:19,2,0,0
BRDA:20,3,0,0
BRDA:27,4,0,0
BRDA:27,4,1,0
BRDA:27,4,2,0
BRF:7
BRH:0
end_of_record
TN:
SF:src/data/model/Assessment/Assessment.js
FN:24,(anonymous_0)
FN:38,(anonymous_1)
FN:53,(anonymous_2)
FN:72,(anonymous_3)
FN:74,(anonymous_4)
FN:81,(anonymous_5)
FN:84,(anonymous_6)
FN:85,(anonymous_7)
FN:86,(anonymous_8)
FN:90,(anonymous_9)
FN:101,(anonymous_10)
FN:102,(anonymous_11)
FN:105,(anonymous_12)
FNF:13
FNH:0
FNDA:0,(anonymous_0)
FNDA:0,(anonymous_1)
FNDA:0,(anonymous_2)
FNDA:0,(anonymous_3)
FNDA:0,(anonymous_4)
FNDA:0,(anonymous_5)
FNDA:0,(anonymous_6)
FNDA:0,(anonymous_7)
FNDA:0,(anonymous_8)
FNDA:0,(anonymous_9)
FNDA:0,(anonymous_10)
FNDA:0,(anonymous_11)
FNDA:0,(anonymous_12)
DA:12,1
DA:18,0
DA:19,0
DA:20,0
DA:21,0
DA:22,0
DA:31,0
DA:32,0
DA:33,0
DA:34,0
DA:35,0
DA:39,0
DA:40,0
DA:41,0
DA:43,0
DA:54,0
DA:55,0
DA:57,0
DA:58,0
DA:59,0
DA:62,0
DA:69,0
DA:73,0
DA:75,0
DA:78,0
DA:82,0
DA:84,0
DA:85,0
DA:86,0
DA:91,0
DA:92,0
DA:93,0
DA:102,0
DA:106,0
DA:107,0
DA:108,0
DA:110,0
DA:111,0
LF:38
LH:1
BRDA:25,0,0,0
BRDA:26,1,0,0
BRDA:27,2,0,0
BRDA:28,3,0,0
BRDA:29,4,0,0
BRDA:38,5,0,0
BRDA:38,6,0,0
BRDA:40,7,0,0
BRDA:40,7,1,0
BRDA:40,8,0,0
BRDA:40,8,1,0
BRDA:53,9,0,0
BRDA:58,10,0,0
BRDA:58,10,1,0
BRDA:59,11,0,0
BRDA:59,11,1,0
BRDA:64,12,0,0
BRDA:64,12,1,0
BRDA:72,13,0,0
BRDA:75,14,0,0
BRDA:75,14,1,0
BRDA:81,15,0,0
BRDA:101,16,0,0
BRDA:105,17,0,0
BRDA:106,18,0,0
BRDA:106,18,1,0
BRF:26
BRH:0
end_of_record
TN:
SF:src/data/model/Assessment/Persistence.js
FN:13,(anonymous_0)
FN:25,(anonymous_1)
FNF:2
FNH:0
FNDA:0,(anonymous_0)
FNDA:0,(anonymous_1)
DA:14,0
DA:15,0
DA:20,0
DA:22,0
DA:26,0
DA:27,0
DA:30,0
DA:31,0
DA:34,0
LF:9
LH:0
BRDA:13,0,0,0
BRDA:13,1,0,0
BRDA:25,2,0,0
BRDA:30,3,0,0
BRDA:30,3,1,0
BRF:5
BRH:0
end_of_record
TN:
SF:src/data/model/Assessment/index.js
FNF:0
FNH:0
LF:0
LH:0
BRF:0
BRH:0
end_of_record
TN:
SF:src/data/store/index.js
FN:13,(anonymous_0)
FNF:1
FNH:1
FNDA:2,(anonymous_0)
DA:11,1
DA:13,1
DA:14,2
DA:15,2
DA:19,2
DA:23,2
DA:25,2
LF:7
LH:7
BRDA:15,0,0,0
BRDA:15,0,1,2
BRDA:19,1,0,2
BRDA:19,1,1,0
BRF:4
BRH:2
end_of_record
TN:
SF:src/data/store/actions/appState.js
FN:11,(anonymous_0)
FN:18,(anonymous_1)
FN:25,(anonymous_2)
FNF:3
FNH:0
FNDA:0,(anonymous_0)
FNDA:0,(anonymous_1)
FNDA:0,(anonymous_2)
DA:11,1
DA:12,0
DA:18,1
DA:19,0
DA:25,1
DA:26,0
LF:6
LH:3
BRF:0
BRH:0
end_of_record
TN:
SF:src/data/store/actions/questions.js
FN:11,(anonymous_0)
FN:18,(anonymous_1)
FNF:2
FNH:1
FNDA:0,(anonymous_0)
FNDA:2,(anonymous_1)
DA:11,1
DA:12,0
DA:18,1
DA:19,2
LF:4
LH:3
BRF:0
BRH:0
end_of_record
TN:
SF:src/data/store/reducers/appStateReducer.js
FN:16,(anonymous_0)
FNF:1
FNH:1
FNDA:8,(anonymous_0)
DA:11,1
DA:17,8
DA:19,0
DA:25,0
DA:31,8
LF:5
LH:3
BRDA:16,0,0,2
BRDA:17,1,0,0
BRDA:17,1,1,0
BRDA:17,1,2,8
BRF:4
BRH:2
end_of_record
TN:
SF:src/data/store/reducers/index.js
FNF:0
FNH:0
DA:6,1
LF:1
LH:1
BRF:0
BRH:0
end_of_record
TN:
SF:src/data/store/reducers/questionsReducer.js
FN:16,(anonymous_0)
FNF:1
FNH:1
FNDA:8,(anonymous_0)
DA:11,1
DA:17,8
DA:19,0
DA:25,2
DA:31,6
LF:5
LH:4
BRDA:16,0,0,2
BRDA:17,1,0,0
BRDA:17,1,1,2
BRDA:17,1,2,6
BRF:4
BRH:3
end_of_record
TN:
SF:src/data/store/sagas/index.js
FN:8,rootSaga
FNF:1
FNH:1
FNDA:2,rootSaga
DA:9,2
LF:1
LH:1
BRF:0
BRH:0
end_of_record
TN:
SF:src/data/store/sagas/questionSagas.js
FN:34,fetchCategoryList
FN:38,fetchQuestionList
FN:42,resetQuestionList
FN:46,callFetchDataForCategoryList
FN:56,(anonymous_4)
FN:64,parseRequestListToQuestionList
FN:65,(anonymous_6)
FN:72,getNeededRequestInfoForQuestion
FN:86,callFetchDataForQuestionList
FN:122,callFetchData
FN:132,callResetQuestionList
FNF:11
FNH:4
FNDA:2,fetchCategoryList
FNDA:2,fetchQuestionList
FNDA:2,resetQuestionList
FNDA:0,callFetchDataForCategoryList
FNDA:0,(anonymous_4)
FNDA:0,parseRequestListToQuestionList
FNDA:0,(anonymous_6)
FNDA:0,getNeededRequestInfoForQuestion
FNDA:0,callFetchDataForQuestionList
FNDA:0,callFetchData
FNDA:2,callResetQuestionList
DA:19,1
DA:24,1
DA:26,1
DA:35,2
DA:39,2
DA:43,2
DA:47,0
DA:53,0
DA:54,0
DA:55,0
DA:56,0
DA:57,0
DA:60,0
DA:65,0
DA:66,0
DA:67,0
DA:68,0
DA:78,0
DA:79,0
DA:80,0
DA:87,0
DA:88,0
DA:95,0
DA:102,0
DA:105,0
DA:106,0
DA:107,0
DA:110,0
DA:111,0
DA:112,0
DA:113,0
DA:114,0
DA:118,0
DA:119,0
DA:123,0
DA:124,0
DA:125,0
DA:126,0
DA:128,0
DA:133,2
LF:40
LH:7
BRDA:54,0,0,0
BRDA:54,0,1,0
BRDA:54,1,0,0
BRDA:54,1,1,0
BRDA:64,2,0,0
BRDA:73,3,0,0
BRDA:74,4,0,0
BRDA:75,5,0,0
BRDA:76,6,0,0
BRDA:106,7,0,0
BRDA:106,7,1,0
BRDA:106,8,0,0
BRDA:106,8,1,0
BRDA:113,9,0,0
BRDA:113,9,1,0
BRDA:113,10,0,0
BRDA:113,10,1,0
BRF:17
BRH:0
end_of_record
TN:
SF:src/screens/index.js
FNF:0
FNH:0
LF:0
LH:0
BRF:0
BRH:0
end_of_record
TN:
SF:src/screens/AssessmentScreen/index.js
FN:30,(anonymous_0)
FN:32,(anonymous_1)
FN:56,(anonymous_2)
FN:63,(anonymous_3)
FN:74,(anonymous_4)
FN:84,(anonymous_5)
FN:104,(anonymous_6)
FN:121,(anonymous_7)
FN:150,(anonymous_8)
FNF:9
FNH:0
FNDA:0,(anonymous_0)
FNDA:0,(anonymous_1)
FNDA:0,(anonymous_2)
FNDA:0,(anonymous_3)
FNDA:0,(anonymous_4)
FNDA:0,(anonymous_5)
FNDA:0,(anonymous_6)
FNDA:0,(anonymous_7)
FNDA:0,(anonymous_8)
DA:23,1
DA:30,1
DA:32,0
DA:33,0
DA:35,0
DA:37,0
DA:39,0
DA:41,0
DA:42,0
DA:43,0
DA:44,0
DA:45,0
DA:47,0
DA:51,0
DA:56,0
DA:57,0
DA:58,0
DA:63,0
DA:64,0
DA:65,0
DA:66,0
DA:67,0
DA:68,0
DA:69,0
DA:70,0
DA:74,0
DA:75,0
DA:80,0
DA:84,0
DA:85,0
DA:86,0
DA:92,0
DA:94,0
DA:95,0
DA:97,0
DA:98,0
DA:99,0
DA:100,0
DA:101,0
DA:104,0
DA:105,0
DA:106,0
DA:112,0
DA:113,0
DA:115,0
DA:116,0
DA:117,0
DA:118,0
DA:121,0
DA:122,0
DA:123,0
DA:128,0
DA:139,0
DA:141,0
DA:142,0
DA:143,0
DA:144,0
DA:151,0
DA:152,0
DA:173,0
LF:60
LH:2
BRDA:35,0,0,0
BRDA:35,1,0,0
BRDA:35,2,0,0
BRDA:35,2,1,0
BRDA:45,3,0,0
BRDA:45,3,1,0
BRDA:52,4,0,0
BRDA:52,4,1,0
BRDA:57,5,0,0
BRDA:57,5,1,0
BRDA:64,6,0,0
BRDA:64,6,1,0
BRDA:64,7,0,0
BRDA:64,7,1,0
BRDA:122,8,0,0
BRDA:122,8,1,0
BRDA:141,9,0,0
BRDA:141,9,1,0
BRDA:143,10,0,0
BRDA:143,10,1,0
BRDA:156,11,0,0
BRDA:156,11,1,0
BRDA:163,12,0,0
BRDA:163,12,1,0
BRF:24
BRH:0
end_of_record
TN:
SF:src/screens/Home/index.js
FN:18,(anonymous_0)
FN:23,(anonymous_1)
FN:24,(anonymous_2)
FN:27,(anonymous_3)
FN:35,(anonymous_4)
FNF:5
FNH:5
FNDA:1,(anonymous_0)
FNDA:2,(anonymous_1)
FNDA:8,(anonymous_2)
FNDA:2,(anonymous_3)
FNDA:1,(anonymous_4)
DA:18,1
DA:19,1
DA:20,1
DA:23,1
DA:24,8
DA:25,2
DA:27,2
DA:28,2
DA:31,2
DA:36,1
LF:10
LH:10
BRF:0
BRH:0
end_of_record
TN:
SF:test-utils/mockedNavigator.js
FN:8,(anonymous_0)
FN:13,(anonymous_1)
FNF:2
FNH:2
FNDA:2,(anonymous_0)
FNDA:2,(anonymous_1)
DA:5,1
DA:7,1
DA:8,1
DA:9,2
DA:13,2
LF:5
LH:5
BRDA:8,0,0,2
BRF:1
BRH:1
end_of_record
TN:
SF:test-utils/render.js
FN:8,(anonymous_0)
FN:12,(anonymous_1)
FNF:2
FNH:2
FNDA:2,(anonymous_0)
FNDA:2,(anonymous_1)
DA:6,1
DA:8,1
DA:9,2
DA:12,1
DA:13,2
DA:14,2
LF:6
LH:6
BRF:0
BRH:0
end_of_record
